2018-09-18 14:58:58,254 [INFO] [main] com.swt.AdminApplication [Jdk14Logger.java : 99] Starting AdminApplication on AKQO7E5R7Z3S8M2 with PID 9700 (F:\workspace\generator-module\admin\target\classes started by Administrator in F:\workspace\generator-module)
2018-09-18 14:58:58,283 [DEBUG] [main] com.swt.AdminApplication [Jdk14Logger.java : 99] Running with Spring Boot v2.0.3.RELEASE, Spring v5.0.7.RELEASE
2018-09-18 14:58:58,284 [INFO] [main] com.swt.AdminApplication [Jdk14Logger.java : 99] The following profiles are active: dev
2018-09-18 14:58:58,530 [INFO] [main] o.s.b.w.s.c.AnnotationConfigServletWebServerApplicationContext [Jdk14Logger.java : 99] Refreshing org.springframework.boot.web.servlet.context.AnnotationConfigServletWebServerApplicationContext@55f616cf: startup date [Tue Sep 18 14:58:58 CST 2018]; root of context hierarchy
2018-09-18 14:59:00,056 [INFO] [main] o.s.data.repository.config.RepositoryConfigurationDelegate [RepositoryConfigurationDelegate.java : 163] Multiple Spring Data modules found, entering strict repository configuration mode!
2018-09-18 14:59:00,459 [INFO] [main] o.s.c.s.PostProcessorRegistrationDelegate$BeanPostProcessorChecker [Jdk14Logger.java : 99] Bean 'shiroConfig' of type [com.swt.common.config.ShiroConfig$$EnhancerBySpringCGLIB$$4ecd76ef] is not eligible for getting processed by all BeanPostProcessors (for example: not eligible for auto-proxying)
2018-09-18 14:59:00,543 [INFO] [main] o.s.c.s.PostProcessorRegistrationDelegate$BeanPostProcessorChecker [Jdk14Logger.java : 99] Bean 'org.springframework.boot.context.properties.ConversionServiceDeducer$Factory' of type [org.springframework.boot.context.properties.ConversionServiceDeducer$Factory] is not eligible for getting processed by all BeanPostProcessors (for example: not eligible for auto-proxying)
2018-09-18 14:59:00,639 [INFO] [main] o.s.c.s.PostProcessorRegistrationDelegate$BeanPostProcessorChecker [Jdk14Logger.java : 99] Bean 'mybatis-plus-com.baomidou.mybatisplus.spring.boot.starter.MybatisPlusProperties' of type [com.baomidou.mybatisplus.spring.boot.starter.MybatisPlusProperties] is not eligible for getting processed by all BeanPostProcessors (for example: not eligible for auto-proxying)
2018-09-18 14:59:00,647 [INFO] [main] o.s.c.s.PostProcessorRegistrationDelegate$BeanPostProcessorChecker [Jdk14Logger.java : 99] Bean 'mybatisPlusConfig' of type [com.swt.common.config.MybatisPlusConfig$$EnhancerBySpringCGLIB$$51c3d88b] is not eligible for getting processed by all BeanPostProcessors (for example: not eligible for auto-proxying)
2018-09-18 14:59:00,659 [INFO] [main] o.s.c.s.PostProcessorRegistrationDelegate$BeanPostProcessorChecker [Jdk14Logger.java : 99] Bean 'paginationInterceptor' of type [com.baomidou.mybatisplus.plugins.PaginationInterceptor] is not eligible for getting processed by all BeanPostProcessors (for example: not eligible for auto-proxying)
2018-09-18 14:59:00,677 [INFO] [main] o.s.c.s.PostProcessorRegistrationDelegate$BeanPostProcessorChecker [Jdk14Logger.java : 99] Bean 'com.baomidou.mybatisplus.spring.boot.starter.MybatisPlusAutoConfiguration' of type [com.baomidou.mybatisplus.spring.boot.starter.MybatisPlusAutoConfiguration$$EnhancerBySpringCGLIB$$4dbac5e8] is not eligible for getting processed by all BeanPostProcessors (for example: not eligible for auto-proxying)
2018-09-18 14:59:00,684 [INFO] [main] o.s.c.s.PostProcessorRegistrationDelegate$BeanPostProcessorChecker [Jdk14Logger.java : 99] Bean 'dynamicDataSourceConfig' of type [com.swt.datasources.DynamicDataSourceConfig$$EnhancerBySpringCGLIB$$bbd924ab] is not eligible for getting processed by all BeanPostProcessors (for example: not eligible for auto-proxying)
2018-09-18 14:59:00,765 [INFO] [main] o.s.c.s.PostProcessorRegistrationDelegate$BeanPostProcessorChecker [Jdk14Logger.java : 99] Bean 'spring.datasource-org.springframework.boot.autoconfigure.jdbc.DataSourceProperties' of type [org.springframework.boot.autoconfigure.jdbc.DataSourceProperties] is not eligible for getting processed by all BeanPostProcessors (for example: not eligible for auto-proxying)
2018-09-18 14:59:00,774 [INFO] [main] o.s.c.s.PostProcessorRegistrationDelegate$BeanPostProcessorChecker [Jdk14Logger.java : 99] Bean 'com.alibaba.druid.spring.boot.autoconfigure.stat.DruidFilterConfiguration' of type [com.alibaba.druid.spring.boot.autoconfigure.stat.DruidFilterConfiguration] is not eligible for getting processed by all BeanPostProcessors (for example: not eligible for auto-proxying)
2018-09-18 14:59:00,807 [INFO] [main] o.s.c.s.PostProcessorRegistrationDelegate$BeanPostProcessorChecker [Jdk14Logger.java : 99] Bean 'statFilter' of type [com.alibaba.druid.filter.stat.StatFilter] is not eligible for getting processed by all BeanPostProcessors (for example: not eligible for auto-proxying)
2018-09-18 14:59:00,829 [INFO] [main] o.s.c.s.PostProcessorRegistrationDelegate$BeanPostProcessorChecker [Jdk14Logger.java : 99] Bean 'firstDataSource' of type [com.alibaba.druid.spring.boot.autoconfigure.DruidDataSourceWrapper] is not eligible for getting processed by all BeanPostProcessors (for example: not eligible for auto-proxying)
2018-09-18 14:59:00,851 [INFO] [main] o.s.c.s.PostProcessorRegistrationDelegate$BeanPostProcessorChecker [Jdk14Logger.java : 99] Bean 'secondDataSource' of type [com.alibaba.druid.spring.boot.autoconfigure.DruidDataSourceWrapper] is not eligible for getting processed by all BeanPostProcessors (for example: not eligible for auto-proxying)
2018-09-18 14:59:00,858 [INFO] [main] o.s.c.s.PostProcessorRegistrationDelegate$BeanPostProcessorChecker [Jdk14Logger.java : 99] Bean 'dataSource' of type [com.swt.datasources.DynamicDataSource] is not eligible for getting processed by all BeanPostProcessors (for example: not eligible for auto-proxying)
2018-09-18 14:59:01,176 [INFO] [main] com.alibaba.druid.pool.DruidDataSource [DruidDataSource.java : 930] {dataSource-1} inited
2018-09-18 14:59:01,763 [INFO] [main] o.s.c.s.PostProcessorRegistrationDelegate$BeanPostProcessorChecker [Jdk14Logger.java : 99] Bean 'sqlSessionFactory' of type [org.apache.ibatis.session.defaults.DefaultSqlSessionFactory] is not eligible for getting processed by all BeanPostProcessors (for example: not eligible for auto-proxying)
2018-09-18 14:59:01,769 [INFO] [main] o.s.c.s.PostProcessorRegistrationDelegate$BeanPostProcessorChecker [Jdk14Logger.java : 99] Bean 'sqlSessionTemplate' of type [org.mybatis.spring.SqlSessionTemplate] is not eligible for getting processed by all BeanPostProcessors (for example: not eligible for auto-proxying)
2018-09-18 14:59:01,770 [INFO] [main] o.s.c.s.PostProcessorRegistrationDelegate$BeanPostProcessorChecker [Jdk14Logger.java : 99] Bean 'sysUserDao' of type [org.mybatis.spring.mapper.MapperFactoryBean] is not eligible for getting processed by all BeanPostProcessors (for example: not eligible for auto-proxying)
2018-09-18 14:59:01,772 [INFO] [main] o.s.c.s.PostProcessorRegistrationDelegate$BeanPostProcessorChecker [Jdk14Logger.java : 99] Bean 'sysUserDao' of type [com.sun.proxy.$Proxy74] is not eligible for getting processed by all BeanPostProcessors (for example: not eligible for auto-proxying)
2018-09-18 14:59:01,774 [INFO] [main] o.s.c.s.PostProcessorRegistrationDelegate$BeanPostProcessorChecker [Jdk14Logger.java : 99] Bean 'sysMenuDao' of type [org.mybatis.spring.mapper.MapperFactoryBean] is not eligible for getting processed by all BeanPostProcessors (for example: not eligible for auto-proxying)
2018-09-18 14:59:01,776 [INFO] [main] o.s.c.s.PostProcessorRegistrationDelegate$BeanPostProcessorChecker [Jdk14Logger.java : 99] Bean 'sysMenuDao' of type [com.sun.proxy.$Proxy75] is not eligible for getting processed by all BeanPostProcessors (for example: not eligible for auto-proxying)
2018-09-18 14:59:01,776 [INFO] [main] o.s.c.s.PostProcessorRegistrationDelegate$BeanPostProcessorChecker [Jdk14Logger.java : 99] Bean 'userRealm' of type [com.swt.modules.sys.shiro.UserRealm] is not eligible for getting processed by all BeanPostProcessors (for example: not eligible for auto-proxying)
2018-09-18 14:59:01,807 [INFO] [main] o.s.c.s.PostProcessorRegistrationDelegate$BeanPostProcessorChecker [Jdk14Logger.java : 99] Bean 'spring.redis-org.springframework.boot.autoconfigure.data.redis.RedisProperties' of type [org.springframework.boot.autoconfigure.data.redis.RedisProperties] is not eligible for getting processed by all BeanPostProcessors (for example: not eligible for auto-proxying)
2018-09-18 14:59:01,813 [INFO] [main] o.s.c.s.PostProcessorRegistrationDelegate$BeanPostProcessorChecker [Jdk14Logger.java : 99] Bean 'org.springframework.boot.autoconfigure.data.redis.LettuceConnectionConfiguration' of type [org.springframework.boot.autoconfigure.data.redis.LettuceConnectionConfiguration$$EnhancerBySpringCGLIB$$1534e5d5] is not eligible for getting processed by all BeanPostProcessors (for example: not eligible for auto-proxying)
2018-09-18 14:59:01,945 [INFO] [main] o.s.c.s.PostProcessorRegistrationDelegate$BeanPostProcessorChecker [Jdk14Logger.java : 99] Bean 'lettuceClientResources' of type [io.lettuce.core.resource.DefaultClientResources] is not eligible for getting processed by all BeanPostProcessors (for example: not eligible for auto-proxying)
2018-09-18 14:59:02,021 [INFO] [main] o.s.c.s.PostProcessorRegistrationDelegate$BeanPostProcessorChecker [Jdk14Logger.java : 99] Bean 'redisConnectionFactory' of type [org.springframework.data.redis.connection.lettuce.LettuceConnectionFactory] is not eligible for getting processed by all BeanPostProcessors (for example: not eligible for auto-proxying)
2018-09-18 14:59:02,021 [INFO] [main] o.s.c.s.PostProcessorRegistrationDelegate$BeanPostProcessorChecker [Jdk14Logger.java : 99] Bean 'redisConfig' of type [com.swt.common.config.RedisConfig$$EnhancerBySpringCGLIB$$999bfe39] is not eligible for getting processed by all BeanPostProcessors (for example: not eligible for auto-proxying)
2018-09-18 14:59:02,049 [INFO] [main] o.s.c.s.PostProcessorRegistrationDelegate$BeanPostProcessorChecker [Jdk14Logger.java : 99] Bean 'redisTemplate' of type [org.springframework.data.redis.core.RedisTemplate] is not eligible for getting processed by all BeanPostProcessors (for example: not eligible for auto-proxying)
2018-09-18 14:59:02,050 [INFO] [main] o.s.c.s.PostProcessorRegistrationDelegate$BeanPostProcessorChecker [Jdk14Logger.java : 99] Bean 'redisShiroSessionDAO' of type [com.swt.modules.sys.shiro.RedisShiroSessionDAO] is not eligible for getting processed by all BeanPostProcessors (for example: not eligible for auto-proxying)
2018-09-18 14:59:02,065 [INFO] [main] o.s.c.s.PostProcessorRegistrationDelegate$BeanPostProcessorChecker [Jdk14Logger.java : 99] Bean 'sessionManager' of type [org.apache.shiro.web.session.mgt.DefaultWebSessionManager] is not eligible for getting processed by all BeanPostProcessors (for example: not eligible for auto-proxying)
2018-09-18 14:59:02,300 [INFO] [main] o.s.c.s.PostProcessorRegistrationDelegate$BeanPostProcessorChecker [Jdk14Logger.java : 99] Bean 'securityManager' of type [org.apache.shiro.web.mgt.DefaultWebSecurityManager] is not eligible for getting processed by all BeanPostProcessors (for example: not eligible for auto-proxying)
2018-09-18 14:59:02,349 [INFO] [main] o.s.c.s.PostProcessorRegistrationDelegate$BeanPostProcessorChecker [Jdk14Logger.java : 99] Bean 'authorizationAttributeSourceAdvisor' of type [org.apache.shiro.spring.security.interceptor.AuthorizationAttributeSourceAdvisor] is not eligible for getting processed by all BeanPostProcessors (for example: not eligible for auto-proxying)
2018-09-18 14:59:02,400 [INFO] [main] o.s.c.s.PostProcessorRegistrationDelegate$BeanPostProcessorChecker [Jdk14Logger.java : 99] Bean 'org.springframework.transaction.annotation.ProxyTransactionManagementConfiguration' of type [org.springframework.transaction.annotation.ProxyTransactionManagementConfiguration$$EnhancerBySpringCGLIB$$1b278b] is not eligible for getting processed by all BeanPostProcessors (for example: not eligible for auto-proxying)
2018-09-18 14:59:02,930 [INFO] [main] org.springframework.boot.web.embedded.tomcat.TomcatWebServer [Jdk14Logger.java : 99] Tomcat initialized with port(s): 8080 (http)
2018-09-18 14:59:02,951 [INFO] [main] org.apache.catalina.core.StandardService [DirectJDKLog.java : 180] Starting service [Tomcat]
2018-09-18 14:59:02,951 [INFO] [main] org.apache.catalina.core.StandardEngine [DirectJDKLog.java : 180] Starting Servlet Engine: Apache Tomcat/8.5.31
2018-09-18 14:59:02,955 [INFO] [localhost-startStop-1] org.apache.catalina.core.AprLifecycleListener [DirectJDKLog.java : 180] The APR based Apache Tomcat Native library which allows optimal performance in production environments was not found on the java.library.path: [C:\Program Files\Java\jdk1.8.0_171\bin;C:\Windows\Sun\Java\bin;C:\Windows\system32;C:\Windows;C:\Program Files (x86)\Common Files\Oracle\Java\javapath;C:\Windows\system32;C:\Windows;C:\Windows\System32\Wbem;C:\Windows\System32\WindowsPowerShell\v1.0\;C:\Windows\System32\OpenSSH\;C:\Program Files\EmEditor;D:\Git\cmd;C:\Program Files\Java\jdk1.8.0_171\bin;F:\maven\apache-maven-3.5.4\bin;C:\Program Files\Java\jdk1.8.0_171\jre\bin;C:\Program Files\TortoiseSVN\bin;C:\Program Files (x86)\Common Files\Thunder Network\KanKan\Codecs;F:\nodejs\;C:\Users\Administrator\AppData\Local\Microsoft\WindowsApps;C:\Users\Administrator\AppData\Roaming\npm;F:\Docker Toolbox;.]
2018-09-18 14:59:03,091 [INFO] [localhost-startStop-1] o.a.c.core.ContainerBase.[Tomcat].[localhost].[/admin] [DirectJDKLog.java : 180] Initializing Spring embedded WebApplicationContext
2018-09-18 14:59:03,091 [INFO] [localhost-startStop-1] org.springframework.web.context.ContextLoader [Jdk14Logger.java : 99] Root WebApplicationContext: initialization completed in 4561 ms
2018-09-18 14:59:03,351 [INFO] [localhost-startStop-1] org.springframework.boot.web.servlet.FilterRegistrationBean [Jdk14Logger.java : 99] Mapping filter: 'characterEncodingFilter' to: [/*]
2018-09-18 14:59:03,351 [INFO] [localhost-startStop-1] org.springframework.boot.web.servlet.FilterRegistrationBean [Jdk14Logger.java : 99] Mapping filter: 'hiddenHttpMethodFilter' to: [/*]
2018-09-18 14:59:03,352 [INFO] [localhost-startStop-1] org.springframework.boot.web.servlet.FilterRegistrationBean [Jdk14Logger.java : 99] Mapping filter: 'httpPutFormContentFilter' to: [/*]
2018-09-18 14:59:03,352 [INFO] [localhost-startStop-1] org.springframework.boot.web.servlet.FilterRegistrationBean [Jdk14Logger.java : 99] Mapping filter: 'requestContextFilter' to: [/*]
2018-09-18 14:59:03,352 [INFO] [localhost-startStop-1] org.springframework.boot.web.servlet.FilterRegistrationBean [Jdk14Logger.java : 99] Mapping filter: 'delegatingFilterProxy' to urls: [/*]
2018-09-18 14:59:03,352 [INFO] [localhost-startStop-1] org.springframework.boot.web.servlet.FilterRegistrationBean [Jdk14Logger.java : 99] Mapping filter: 'xssFilter' to urls: [/*]
2018-09-18 14:59:03,352 [INFO] [localhost-startStop-1] org.springframework.boot.web.servlet.FilterRegistrationBean [Jdk14Logger.java : 99] Mapping filter: 'webStatFilter' to urls: [/*]
2018-09-18 14:59:03,352 [INFO] [localhost-startStop-1] org.springframework.boot.web.servlet.FilterRegistrationBean [Jdk14Logger.java : 99] Mapping filter: 'shiroFilter' to: [/*]
2018-09-18 14:59:03,353 [INFO] [localhost-startStop-1] org.springframework.boot.web.servlet.ServletRegistrationBean [Jdk14Logger.java : 99] Servlet dispatcherServlet mapped to [/]
2018-09-18 14:59:03,354 [INFO] [localhost-startStop-1] org.springframework.boot.web.servlet.ServletRegistrationBean [Jdk14Logger.java : 99] Servlet statViewServlet mapped to [/druid/*]
2018-09-18 14:59:03,707 [INFO] [main] org.quartz.impl.StdSchedulerFactory [StdSchedulerFactory.java : 1208] Using default implementation for ThreadExecutor
2018-09-18 14:59:03,716 [INFO] [main] org.quartz.core.SchedulerSignalerImpl [SchedulerSignalerImpl.java : 61] Initialized Scheduler Signaller of type: class org.quartz.core.SchedulerSignalerImpl
2018-09-18 14:59:03,716 [INFO] [main] org.quartz.core.QuartzScheduler [QuartzScheduler.java : 229] Quartz Scheduler v.2.3.0 created.
2018-09-18 14:59:03,720 [INFO] [main] o.springframework.scheduling.quartz.LocalDataSourceJobStore [JobStoreSupport.java : 672] Using db table-based data access locking (synchronization).
2018-09-18 14:59:03,721 [INFO] [main] o.springframework.scheduling.quartz.LocalDataSourceJobStore [JobStoreCMT.java : 145] JobStoreCMT initialized.
2018-09-18 14:59:03,723 [INFO] [main] org.quartz.core.QuartzScheduler [QuartzScheduler.java : 294] Scheduler meta-data: Quartz Scheduler (v2.3.0) 'RenrenScheduler' with instanceId 'AKQO7E5R7Z3S8M21537253943708'
  Scheduler class: 'org.quartz.core.QuartzScheduler' - running locally.
  NOT STARTED.
  Currently in standby mode.
  Number of jobs executed: 0
  Using thread pool 'org.quartz.simpl.SimpleThreadPool' - with 20 threads.
  Using job-store 'org.springframework.scheduling.quartz.LocalDataSourceJobStore' - which supports persistence. and is clustered.

2018-09-18 14:59:03,723 [INFO] [main] org.quartz.impl.StdSchedulerFactory [StdSchedulerFactory.java : 1362] Quartz scheduler 'RenrenScheduler' initialized from an externally provided properties instance.
2018-09-18 14:59:03,723 [INFO] [main] org.quartz.impl.StdSchedulerFactory [StdSchedulerFactory.java : 1366] Quartz scheduler version: 2.3.0
2018-09-18 14:59:03,725 [INFO] [main] org.quartz.core.QuartzScheduler [QuartzScheduler.java : 2287] JobFactory set to: org.springframework.scheduling.quartz.AdaptableJobFactory@51c65a43
2018-09-18 14:59:03,787 [DEBUG] [main] com.swt.modules.job.dao.ScheduleJobDao.selectList [BaseJdbcLogger.java : 159] ==>  Preparing: SELECT job_id AS jobId,bean_name AS beanName,method_name AS methodName,params,cron_expression AS cronExpression,`status`,remark,create_time AS createTime FROM schedule_job 
2018-09-18 14:59:03,814 [DEBUG] [main] com.swt.modules.job.dao.ScheduleJobDao.selectList [BaseJdbcLogger.java : 159] ==> Parameters: 
2018-09-18 14:59:03,835 [DEBUG] [main] com.swt.modules.job.dao.ScheduleJobDao.selectList [BaseJdbcLogger.java : 159] <==      Total: 2
2018-09-18 14:59:04,803 [INFO] [main] o.s.w.s.mvc.method.annotation.RequestMappingHandlerMapping [Jdk14Logger.java : 99] Mapped "{[/sys/schedule/run]}" onto public com.swt.common.utils.R com.swt.modules.job.controller.ScheduleJobController.run(java.lang.Long[])
2018-09-18 14:59:04,805 [INFO] [main] o.s.w.s.mvc.method.annotation.RequestMappingHandlerMapping [Jdk14Logger.java : 99] Mapped "{[/sys/schedule/update]}" onto public com.swt.common.utils.R com.swt.modules.job.controller.ScheduleJobController.update(com.swt.modules.job.entity.ScheduleJobEntity)
2018-09-18 14:59:04,805 [INFO] [main] o.s.w.s.mvc.method.annotation.RequestMappingHandlerMapping [Jdk14Logger.java : 99] Mapped "{[/sys/schedule/delete]}" onto public com.swt.common.utils.R com.swt.modules.job.controller.ScheduleJobController.delete(java.lang.Long[])
2018-09-18 14:59:04,805 [INFO] [main] o.s.w.s.mvc.method.annotation.RequestMappingHandlerMapping [Jdk14Logger.java : 99] Mapped "{[/sys/schedule/resume]}" onto public com.swt.common.utils.R com.swt.modules.job.controller.ScheduleJobController.resume(java.lang.Long[])
2018-09-18 14:59:04,806 [INFO] [main] o.s.w.s.mvc.method.annotation.RequestMappingHandlerMapping [Jdk14Logger.java : 99] Mapped "{[/sys/schedule/list]}" onto public com.swt.common.utils.R com.swt.modules.job.controller.ScheduleJobController.list(java.util.Map<java.lang.String, java.lang.Object>)
2018-09-18 14:59:04,806 [INFO] [main] o.s.w.s.mvc.method.annotation.RequestMappingHandlerMapping [Jdk14Logger.java : 99] Mapped "{[/sys/schedule/save]}" onto public com.swt.common.utils.R com.swt.modules.job.controller.ScheduleJobController.save(com.swt.modules.job.entity.ScheduleJobEntity)
2018-09-18 14:59:04,807 [INFO] [main] o.s.w.s.mvc.method.annotation.RequestMappingHandlerMapping [Jdk14Logger.java : 99] Mapped "{[/sys/schedule/info/{jobId}]}" onto public com.swt.common.utils.R com.swt.modules.job.controller.ScheduleJobController.info(java.lang.Long)
2018-09-18 14:59:04,807 [INFO] [main] o.s.w.s.mvc.method.annotation.RequestMappingHandlerMapping [Jdk14Logger.java : 99] Mapped "{[/sys/schedule/pause]}" onto public com.swt.common.utils.R com.swt.modules.job.controller.ScheduleJobController.pause(java.lang.Long[])
2018-09-18 14:59:04,808 [INFO] [main] o.s.w.s.mvc.method.annotation.RequestMappingHandlerMapping [Jdk14Logger.java : 99] Mapped "{[/sys/scheduleLog/list]}" onto public com.swt.common.utils.R com.swt.modules.job.controller.ScheduleJobLogController.list(java.util.Map<java.lang.String, java.lang.Object>)
2018-09-18 14:59:04,809 [INFO] [main] o.s.w.s.mvc.method.annotation.RequestMappingHandlerMapping [Jdk14Logger.java : 99] Mapped "{[/sys/scheduleLog/info/{logId}]}" onto public com.swt.common.utils.R com.swt.modules.job.controller.ScheduleJobLogController.info(java.lang.Long)
2018-09-18 14:59:04,810 [INFO] [main] o.s.w.s.mvc.method.annotation.RequestMappingHandlerMapping [Jdk14Logger.java : 99] Mapped "{[/sys/config/update]}" onto public com.swt.common.utils.R com.swt.modules.sys.controller.SysConfigController.update(com.swt.modules.sys.entity.SysConfigEntity)
2018-09-18 14:59:04,811 [INFO] [main] o.s.w.s.mvc.method.annotation.RequestMappingHandlerMapping [Jdk14Logger.java : 99] Mapped "{[/sys/config/delete]}" onto public com.swt.common.utils.R com.swt.modules.sys.controller.SysConfigController.delete(java.lang.Long[])
2018-09-18 14:59:04,812 [INFO] [main] o.s.w.s.mvc.method.annotation.RequestMappingHandlerMapping [Jdk14Logger.java : 99] Mapped "{[/sys/config/list]}" onto public com.swt.common.utils.R com.swt.modules.sys.controller.SysConfigController.list(java.util.Map<java.lang.String, java.lang.Object>)
2018-09-18 14:59:04,812 [INFO] [main] o.s.w.s.mvc.method.annotation.RequestMappingHandlerMapping [Jdk14Logger.java : 99] Mapped "{[/sys/config/save]}" onto public com.swt.common.utils.R com.swt.modules.sys.controller.SysConfigController.save(com.swt.modules.sys.entity.SysConfigEntity)
2018-09-18 14:59:04,812 [INFO] [main] o.s.w.s.mvc.method.annotation.RequestMappingHandlerMapping [Jdk14Logger.java : 99] Mapped "{[/sys/config/info/{id}]}" onto public com.swt.common.utils.R com.swt.modules.sys.controller.SysConfigController.info(java.lang.Long)
2018-09-18 14:59:04,815 [INFO] [main] o.s.w.s.mvc.method.annotation.RequestMappingHandlerMapping [Jdk14Logger.java : 99] Mapped "{[/sys/dept/update]}" onto public com.swt.common.utils.R com.swt.modules.sys.controller.SysDeptController.update(com.swt.modules.sys.entity.SysDeptEntity)
2018-09-18 14:59:04,816 [INFO] [main] o.s.w.s.mvc.method.annotation.RequestMappingHandlerMapping [Jdk14Logger.java : 99] Mapped "{[/sys/dept/delete]}" onto public com.swt.common.utils.R com.swt.modules.sys.controller.SysDeptController.delete(long)
2018-09-18 14:59:04,816 [INFO] [main] o.s.w.s.mvc.method.annotation.RequestMappingHandlerMapping [Jdk14Logger.java : 99] Mapped "{[/sys/dept/list]}" onto public java.util.List<com.swt.modules.sys.entity.SysDeptEntity> com.swt.modules.sys.controller.SysDeptController.list()
2018-09-18 14:59:04,816 [INFO] [main] o.s.w.s.mvc.method.annotation.RequestMappingHandlerMapping [Jdk14Logger.java : 99] Mapped "{[/sys/dept/save]}" onto public com.swt.common.utils.R com.swt.modules.sys.controller.SysDeptController.save(com.swt.modules.sys.entity.SysDeptEntity)
2018-09-18 14:59:04,817 [INFO] [main] o.s.w.s.mvc.method.annotation.RequestMappingHandlerMapping [Jdk14Logger.java : 99] Mapped "{[/sys/dept/info/{deptId}]}" onto public com.swt.common.utils.R com.swt.modules.sys.controller.SysDeptController.info(java.lang.Long)
2018-09-18 14:59:04,817 [INFO] [main] o.s.w.s.mvc.method.annotation.RequestMappingHandlerMapping [Jdk14Logger.java : 99] Mapped "{[/sys/dept/info]}" onto public com.swt.common.utils.R com.swt.modules.sys.controller.SysDeptController.info()
2018-09-18 14:59:04,818 [INFO] [main] o.s.w.s.mvc.method.annotation.RequestMappingHandlerMapping [Jdk14Logger.java : 99] Mapped "{[/sys/dept/select]}" onto public com.swt.common.utils.R com.swt.modules.sys.controller.SysDeptController.select()
2018-09-18 14:59:04,818 [INFO] [main] o.s.w.s.mvc.method.annotation.RequestMappingHandlerMapping [Jdk14Logger.java : 99] Mapped "{[/sys/dict/update]}" onto public com.swt.common.utils.R com.swt.modules.sys.controller.SysDictController.update(com.swt.modules.sys.entity.SysDictEntity)
2018-09-18 14:59:04,819 [INFO] [main] o.s.w.s.mvc.method.annotation.RequestMappingHandlerMapping [Jdk14Logger.java : 99] Mapped "{[/sys/dict/delete]}" onto public com.swt.common.utils.R com.swt.modules.sys.controller.SysDictController.delete(java.lang.Long[])
2018-09-18 14:59:04,819 [INFO] [main] o.s.w.s.mvc.method.annotation.RequestMappingHandlerMapping [Jdk14Logger.java : 99] Mapped "{[/sys/dict/list]}" onto public com.swt.common.utils.R com.swt.modules.sys.controller.SysDictController.list(java.util.Map<java.lang.String, java.lang.Object>)
2018-09-18 14:59:04,820 [INFO] [main] o.s.w.s.mvc.method.annotation.RequestMappingHandlerMapping [Jdk14Logger.java : 99] Mapped "{[/sys/dict/save]}" onto public com.swt.common.utils.R com.swt.modules.sys.controller.SysDictController.save(com.swt.modules.sys.entity.SysDictEntity)
2018-09-18 14:59:04,820 [INFO] [main] o.s.w.s.mvc.method.annotation.RequestMappingHandlerMapping [Jdk14Logger.java : 99] Mapped "{[/sys/dict/info/{id}]}" onto public com.swt.common.utils.R com.swt.modules.sys.controller.SysDictController.info(java.lang.Long)
2018-09-18 14:59:04,820 [INFO] [main] o.s.w.s.mvc.method.annotation.RequestMappingHandlerMapping [Jdk14Logger.java : 99] Mapped "{[/sys/log/list]}" onto public com.swt.common.utils.R com.swt.modules.sys.controller.SysLogController.list(java.util.Map<java.lang.String, java.lang.Object>)
2018-09-18 14:59:04,821 [INFO] [main] o.s.w.s.mvc.method.annotation.RequestMappingHandlerMapping [Jdk14Logger.java : 99] Mapped "{[/sys/login],methods=[POST]}" onto public com.swt.common.utils.R com.swt.modules.sys.controller.SysLoginController.login(java.lang.String,java.lang.String,java.lang.String)
2018-09-18 14:59:04,822 [INFO] [main] o.s.w.s.mvc.method.annotation.RequestMappingHandlerMapping [Jdk14Logger.java : 99] Mapped "{[/logout],methods=[GET]}" onto public java.lang.String com.swt.modules.sys.controller.SysLoginController.logout()
2018-09-18 14:59:04,822 [INFO] [main] o.s.w.s.mvc.method.annotation.RequestMappingHandlerMapping [Jdk14Logger.java : 99] Mapped "{[/captcha.jpg]}" onto public void com.swt.modules.sys.controller.SysLoginController.captcha(javax.servlet.http.HttpServletResponse) throws java.io.IOException
2018-09-18 14:59:04,824 [INFO] [main] o.s.w.s.mvc.method.annotation.RequestMappingHandlerMapping [Jdk14Logger.java : 99] Mapped "{[/sys/menu/update]}" onto public com.swt.common.utils.R com.swt.modules.sys.controller.SysMenuController.update(com.swt.modules.sys.entity.SysMenuEntity)
2018-09-18 14:59:04,824 [INFO] [main] o.s.w.s.mvc.method.annotation.RequestMappingHandlerMapping [Jdk14Logger.java : 99] Mapped "{[/sys/menu/delete]}" onto public com.swt.common.utils.R com.swt.modules.sys.controller.SysMenuController.delete(long)
2018-09-18 14:59:04,825 [INFO] [main] o.s.w.s.mvc.method.annotation.RequestMappingHandlerMapping [Jdk14Logger.java : 99] Mapped "{[/sys/menu/list]}" onto public java.util.List<com.swt.modules.sys.entity.SysMenuEntity> com.swt.modules.sys.controller.SysMenuController.list()
2018-09-18 14:59:04,826 [INFO] [main] o.s.w.s.mvc.method.annotation.RequestMappingHandlerMapping [Jdk14Logger.java : 99] Mapped "{[/sys/menu/save]}" onto public com.swt.common.utils.R com.swt.modules.sys.controller.SysMenuController.save(com.swt.modules.sys.entity.SysMenuEntity)
2018-09-18 14:59:04,826 [INFO] [main] o.s.w.s.mvc.method.annotation.RequestMappingHandlerMapping [Jdk14Logger.java : 99] Mapped "{[/sys/menu/info/{menuId}]}" onto public com.swt.common.utils.R com.swt.modules.sys.controller.SysMenuController.info(java.lang.Long)
2018-09-18 14:59:04,826 [INFO] [main] o.s.w.s.mvc.method.annotation.RequestMappingHandlerMapping [Jdk14Logger.java : 99] Mapped "{[/sys/menu/select]}" onto public com.swt.common.utils.R com.swt.modules.sys.controller.SysMenuController.select()
2018-09-18 14:59:04,826 [INFO] [main] o.s.w.s.mvc.method.annotation.RequestMappingHandlerMapping [Jdk14Logger.java : 99] Mapped "{[/sys/menu/nav]}" onto public com.swt.common.utils.R com.swt.modules.sys.controller.SysMenuController.nav()
2018-09-18 14:59:04,827 [INFO] [main] o.s.w.s.mvc.method.annotation.RequestMappingHandlerMapping [Jdk14Logger.java : 99] Mapped "{[/ || /index.html]}" onto public java.lang.String com.swt.modules.sys.controller.SysPageController.index()
2018-09-18 14:59:04,828 [INFO] [main] o.s.w.s.mvc.method.annotation.RequestMappingHandlerMapping [Jdk14Logger.java : 99] Mapped "{[/main.html]}" onto public java.lang.String com.swt.modules.sys.controller.SysPageController.main()
2018-09-18 14:59:04,828 [INFO] [main] o.s.w.s.mvc.method.annotation.RequestMappingHandlerMapping [Jdk14Logger.java : 99] Mapped "{[/index1.html]}" onto public java.lang.String com.swt.modules.sys.controller.SysPageController.index1()
2018-09-18 14:59:04,828 [INFO] [main] o.s.w.s.mvc.method.annotation.RequestMappingHandlerMapping [Jdk14Logger.java : 99] Mapped "{[/modules/{module}/{url}.html]}" onto public java.lang.String com.swt.modules.sys.controller.SysPageController.module(java.lang.String,java.lang.String)
2018-09-18 14:59:04,829 [INFO] [main] o.s.w.s.mvc.method.annotation.RequestMappingHandlerMapping [Jdk14Logger.java : 99] Mapped "{[/login.html]}" onto public java.lang.String com.swt.modules.sys.controller.SysPageController.login()
2018-09-18 14:59:04,829 [INFO] [main] o.s.w.s.mvc.method.annotation.RequestMappingHandlerMapping [Jdk14Logger.java : 99] Mapped "{[/404.html]}" onto public java.lang.String com.swt.modules.sys.controller.SysPageController.notFound()
2018-09-18 14:59:04,830 [INFO] [main] o.s.w.s.mvc.method.annotation.RequestMappingHandlerMapping [Jdk14Logger.java : 99] Mapped "{[/sys/role/update]}" onto public com.swt.common.utils.R com.swt.modules.sys.controller.SysRoleController.update(com.swt.modules.sys.entity.SysRoleEntity)
2018-09-18 14:59:04,830 [INFO] [main] o.s.w.s.mvc.method.annotation.RequestMappingHandlerMapping [Jdk14Logger.java : 99] Mapped "{[/sys/role/delete]}" onto public com.swt.common.utils.R com.swt.modules.sys.controller.SysRoleController.delete(java.lang.Long[])
2018-09-18 14:59:04,831 [INFO] [main] o.s.w.s.mvc.method.annotation.RequestMappingHandlerMapping [Jdk14Logger.java : 99] Mapped "{[/sys/role/list]}" onto public com.swt.common.utils.R com.swt.modules.sys.controller.SysRoleController.list(java.util.Map<java.lang.String, java.lang.Object>)
2018-09-18 14:59:04,832 [INFO] [main] o.s.w.s.mvc.method.annotation.RequestMappingHandlerMapping [Jdk14Logger.java : 99] Mapped "{[/sys/role/save]}" onto public com.swt.common.utils.R com.swt.modules.sys.controller.SysRoleController.save(com.swt.modules.sys.entity.SysRoleEntity)
2018-09-18 14:59:04,832 [INFO] [main] o.s.w.s.mvc.method.annotation.RequestMappingHandlerMapping [Jdk14Logger.java : 99] Mapped "{[/sys/role/info/{roleId}]}" onto public com.swt.common.utils.R com.swt.modules.sys.controller.SysRoleController.info(java.lang.Long)
2018-09-18 14:59:04,832 [INFO] [main] o.s.w.s.mvc.method.annotation.RequestMappingHandlerMapping [Jdk14Logger.java : 99] Mapped "{[/sys/role/select]}" onto public com.swt.common.utils.R com.swt.modules.sys.controller.SysRoleController.select()
2018-09-18 14:59:04,833 [INFO] [main] o.s.w.s.mvc.method.annotation.RequestMappingHandlerMapping [Jdk14Logger.java : 99] Mapped "{[/sys/user/update]}" onto public com.swt.common.utils.R com.swt.modules.sys.controller.SysUserController.update(com.swt.modules.sys.entity.SysUserEntity)
2018-09-18 14:59:04,834 [INFO] [main] o.s.w.s.mvc.method.annotation.RequestMappingHandlerMapping [Jdk14Logger.java : 99] Mapped "{[/sys/user/delete]}" onto public com.swt.common.utils.R com.swt.modules.sys.controller.SysUserController.delete(java.lang.Long[])
2018-09-18 14:59:04,834 [INFO] [main] o.s.w.s.mvc.method.annotation.RequestMappingHandlerMapping [Jdk14Logger.java : 99] Mapped "{[/sys/user/list]}" onto public com.swt.common.utils.R com.swt.modules.sys.controller.SysUserController.list(java.util.Map<java.lang.String, java.lang.Object>)
2018-09-18 14:59:04,834 [INFO] [main] o.s.w.s.mvc.method.annotation.RequestMappingHandlerMapping [Jdk14Logger.java : 99] Mapped "{[/sys/user/save]}" onto public com.swt.common.utils.R com.swt.modules.sys.controller.SysUserController.save(com.swt.modules.sys.entity.SysUserEntity)
2018-09-18 14:59:04,835 [INFO] [main] o.s.w.s.mvc.method.annotation.RequestMappingHandlerMapping [Jdk14Logger.java : 99] Mapped "{[/sys/user/info/{userId}]}" onto public com.swt.common.utils.R com.swt.modules.sys.controller.SysUserController.info(java.lang.Long)
2018-09-18 14:59:04,835 [INFO] [main] o.s.w.s.mvc.method.annotation.RequestMappingHandlerMapping [Jdk14Logger.java : 99] Mapped "{[/sys/user/info]}" onto public com.swt.common.utils.R com.swt.modules.sys.controller.SysUserController.info()
2018-09-18 14:59:04,835 [INFO] [main] o.s.w.s.mvc.method.annotation.RequestMappingHandlerMapping [Jdk14Logger.java : 99] Mapped "{[/sys/user/password]}" onto public com.swt.common.utils.R com.swt.modules.sys.controller.SysUserController.password(java.lang.String,java.lang.String)
2018-09-18 14:59:04,839 [INFO] [main] o.s.w.s.mvc.method.annotation.RequestMappingHandlerMapping [Jdk14Logger.java : 99] Mapped "{[/swagger-resources/configuration/security]}" onto public org.springframework.http.ResponseEntity<springfox.documentation.swagger.web.SecurityConfiguration> springfox.documentation.swagger.web.ApiResourceController.securityConfiguration()
2018-09-18 14:59:04,840 [INFO] [main] o.s.w.s.mvc.method.annotation.RequestMappingHandlerMapping [Jdk14Logger.java : 99] Mapped "{[/swagger-resources]}" onto public org.springframework.http.ResponseEntity<java.util.List<springfox.documentation.swagger.web.SwaggerResource>> springfox.documentation.swagger.web.ApiResourceController.swaggerResources()
2018-09-18 14:59:04,841 [INFO] [main] o.s.w.s.mvc.method.annotation.RequestMappingHandlerMapping [Jdk14Logger.java : 99] Mapped "{[/swagger-resources/configuration/ui]}" onto public org.springframework.http.ResponseEntity<springfox.documentation.swagger.web.UiConfiguration> springfox.documentation.swagger.web.ApiResourceController.uiConfiguration()
2018-09-18 14:59:04,843 [INFO] [main] o.s.w.s.mvc.method.annotation.RequestMappingHandlerMapping [Jdk14Logger.java : 99] Mapped "{[/error]}" onto public org.springframework.http.ResponseEntity<java.util.Map<java.lang.String, java.lang.Object>> org.springframework.boot.autoconfigure.web.servlet.error.BasicErrorController.error(javax.servlet.http.HttpServletRequest)
2018-09-18 14:59:04,844 [INFO] [main] o.s.w.s.mvc.method.annotation.RequestMappingHandlerMapping [Jdk14Logger.java : 99] Mapped "{[/error],produces=[text/html]}" onto public org.springframework.web.servlet.ModelAndView org.springframework.boot.autoconfigure.web.servlet.error.BasicErrorController.errorHtml(javax.servlet.http.HttpServletRequest,javax.servlet.http.HttpServletResponse)
2018-09-18 14:59:05,070 [INFO] [main] o.s.web.servlet.view.freemarker.FreeMarkerConfigurer [Jdk14Logger.java : 99] ClassTemplateLoader for Spring macros added to FreeMarker configuration
2018-09-18 14:59:05,192 [INFO] [main] s.d.spring.web.PropertySourcedRequestMappingHandlerMapping [Jdk14Logger.java : 99] Mapped URL path [/v2/api-docs] onto method [public org.springframework.http.ResponseEntity<springfox.documentation.spring.web.json.Json> springfox.documentation.swagger2.web.Swagger2Controller.getDocumentation(java.lang.String,javax.servlet.http.HttpServletRequest)]
2018-09-18 14:59:05,341 [INFO] [main] o.s.web.servlet.handler.SimpleUrlHandlerMapping [Jdk14Logger.java : 99] Mapped URL path [/**/favicon.ico] onto handler of type [class org.springframework.web.servlet.resource.ResourceHttpRequestHandler]
2018-09-18 14:59:05,571 [INFO] [main] o.s.w.s.mvc.method.annotation.RequestMappingHandlerAdapter [Jdk14Logger.java : 99] Looking for @ControllerAdvice: org.springframework.boot.web.servlet.context.AnnotationConfigServletWebServerApplicationContext@55f616cf: startup date [Tue Sep 18 14:58:58 CST 2018]; root of context hierarchy
2018-09-18 14:59:05,632 [INFO] [main] o.s.web.servlet.handler.SimpleUrlHandlerMapping [Jdk14Logger.java : 99] Mapped URL path [/webjars/**] onto handler of type [class org.springframework.web.servlet.resource.ResourceHttpRequestHandler]
2018-09-18 14:59:05,633 [INFO] [main] o.s.web.servlet.handler.SimpleUrlHandlerMapping [Jdk14Logger.java : 99] Mapped URL path [/**] onto handler of type [class org.springframework.web.servlet.resource.ResourceHttpRequestHandler]
2018-09-18 14:59:05,633 [INFO] [main] o.s.web.servlet.handler.SimpleUrlHandlerMapping [Jdk14Logger.java : 99] Mapped URL path [/statics/**] onto handler of type [class org.springframework.web.servlet.resource.ResourceHttpRequestHandler]
2018-09-18 14:59:05,654 [INFO] [main] o.s.w.s.m.m.annotation.ExceptionHandlerExceptionResolver [Jdk14Logger.java : 99] Detected @ExceptionHandler methods in RRExceptionHandler
2018-09-18 14:59:05,721 [INFO] [main] o.s.boot.autoconfigure.web.servlet.WelcomePageHandlerMapping [Jdk14Logger.java : 99] Adding welcome page template: index
2018-09-18 14:59:06,343 [INFO] [main] o.s.jmx.export.annotation.AnnotationMBeanExporter [Jdk14Logger.java : 99] Registering beans for JMX exposure on startup
2018-09-18 14:59:06,347 [INFO] [main] o.s.jmx.export.annotation.AnnotationMBeanExporter [Jdk14Logger.java : 99] Bean with name 'firstDataSource' has been autodetected for JMX exposure
2018-09-18 14:59:06,348 [INFO] [main] o.s.jmx.export.annotation.AnnotationMBeanExporter [Jdk14Logger.java : 99] Bean with name 'secondDataSource' has been autodetected for JMX exposure
2018-09-18 14:59:06,349 [INFO] [main] o.s.jmx.export.annotation.AnnotationMBeanExporter [Jdk14Logger.java : 99] Bean with name 'statFilter' has been autodetected for JMX exposure
2018-09-18 14:59:06,358 [INFO] [main] o.s.jmx.export.annotation.AnnotationMBeanExporter [Jdk14Logger.java : 99] Located MBean 'firstDataSource': registering with JMX server as MBean [com.alibaba.druid.spring.boot.autoconfigure:name=firstDataSource,type=DruidDataSourceWrapper]
2018-09-18 14:59:06,360 [INFO] [main] o.s.jmx.export.annotation.AnnotationMBeanExporter [Jdk14Logger.java : 99] Located MBean 'secondDataSource': registering with JMX server as MBean [com.alibaba.druid.spring.boot.autoconfigure:name=secondDataSource,type=DruidDataSourceWrapper]
2018-09-18 14:59:06,361 [INFO] [main] o.s.jmx.export.annotation.AnnotationMBeanExporter [Jdk14Logger.java : 99] Located MBean 'statFilter': registering with JMX server as MBean [com.alibaba.druid.filter.stat:name=statFilter,type=StatFilter]
2018-09-18 14:59:06,376 [INFO] [main] o.springframework.context.support.DefaultLifecycleProcessor [Jdk14Logger.java : 99] Starting beans in phase 2147483647
2018-09-18 14:59:06,376 [INFO] [main] s.d.spring.web.plugins.DocumentationPluginsBootstrapper [DocumentationPluginsBootstrapper.java : 147] Context refreshed
2018-09-18 14:59:06,391 [INFO] [main] s.d.spring.web.plugins.DocumentationPluginsBootstrapper [DocumentationPluginsBootstrapper.java : 150] Found 1 custom documentation plugin(s)
2018-09-18 14:59:06,421 [INFO] [main] s.d.spring.web.scanners.ApiListingReferenceScanner [ApiListingReferenceScanner.java : 41] Scanning for api listing references
2018-09-18 14:59:06,722 [INFO] [main] org.springframework.scheduling.quartz.SchedulerFactoryBean [Jdk14Logger.java : 99] Will start Quartz Scheduler [RenrenScheduler] in 30 seconds
2018-09-18 14:59:06,780 [INFO] [main] org.springframework.boot.web.embedded.tomcat.TomcatWebServer [Jdk14Logger.java : 99] Tomcat started on port(s): 8080 (http) with context path '/admin'
2018-09-18 14:59:06,784 [INFO] [main] com.swt.AdminApplication [Jdk14Logger.java : 99] Started AdminApplication in 9.82 seconds (JVM running for 11.269)
2018-09-18 14:59:20,646 [INFO] [http-nio-8080-exec-1] o.a.c.core.ContainerBase.[Tomcat].[localhost].[/admin] [DirectJDKLog.java : 180] Initializing Spring FrameworkServlet 'dispatcherServlet'
2018-09-18 14:59:20,647 [INFO] [http-nio-8080-exec-1] org.springframework.web.servlet.DispatcherServlet [Jdk14Logger.java : 99] FrameworkServlet 'dispatcherServlet': initialization started
2018-09-18 14:59:20,674 [INFO] [http-nio-8080-exec-1] org.springframework.web.servlet.DispatcherServlet [Jdk14Logger.java : 99] FrameworkServlet 'dispatcherServlet': initialization completed in 27 ms
2018-09-18 14:59:20,688 [INFO] [http-nio-8080-exec-1] o.apache.shiro.session.mgt.AbstractValidatingSessionManager [AbstractValidatingSessionManager.java : 233] Enabling session validation scheduler...
2018-09-18 14:59:28,415 [DEBUG] [http-nio-8080-exec-16] com.swt.modules.sys.dao.SysUserDao.selectOne [BaseJdbcLogger.java : 159] ==>  Preparing: SELECT user_id AS userId,username,`password`,salt,email,mobile,`status`,create_time AS createTime,dept_id AS deptId FROM sys_user WHERE username=? 
2018-09-18 14:59:28,416 [DEBUG] [http-nio-8080-exec-16] com.swt.modules.sys.dao.SysUserDao.selectOne [BaseJdbcLogger.java : 159] ==> Parameters: admin(String)
2018-09-18 14:59:28,418 [DEBUG] [http-nio-8080-exec-16] com.swt.modules.sys.dao.SysUserDao.selectOne [BaseJdbcLogger.java : 159] <==      Total: 1
2018-09-18 14:59:29,071 [DEBUG] [http-nio-8080-exec-2] com.swt.modules.sys.dao.SysMenuDao.queryListParentId [BaseJdbcLogger.java : 159] ==>  Preparing: select * from sys_menu where parent_id = ? order by order_num asc 
2018-09-18 14:59:29,073 [DEBUG] [http-nio-8080-exec-2] com.swt.modules.sys.dao.SysMenuDao.queryListParentId [BaseJdbcLogger.java : 159] ==> Parameters: 0(Long)
2018-09-18 14:59:29,078 [DEBUG] [http-nio-8080-exec-2] com.swt.modules.sys.dao.SysMenuDao.queryListParentId [BaseJdbcLogger.java : 159] <==      Total: 1
2018-09-18 14:59:29,081 [DEBUG] [http-nio-8080-exec-2] com.swt.modules.sys.dao.SysMenuDao.queryListParentId [BaseJdbcLogger.java : 159] ==>  Preparing: select * from sys_menu where parent_id = ? order by order_num asc 
2018-09-18 14:59:29,082 [DEBUG] [http-nio-8080-exec-2] com.swt.modules.sys.dao.SysMenuDao.queryListParentId [BaseJdbcLogger.java : 159] ==> Parameters: 1(Long)
2018-09-18 14:59:29,088 [DEBUG] [http-nio-8080-exec-2] com.swt.modules.sys.dao.SysMenuDao.queryListParentId [BaseJdbcLogger.java : 159] <==      Total: 10
2018-09-18 14:59:31,001 [DEBUG] [http-nio-8080-exec-6] com.swt.modules.sys.dao.SysMenuDao.selectList [BaseJdbcLogger.java : 159] ==>  Preparing: SELECT menu_id AS menuId,parent_id AS parentId,`name`,url,perms,`type`,icon,order_num AS orderNum FROM sys_menu 
2018-09-18 14:59:31,001 [DEBUG] [http-nio-8080-exec-6] com.swt.modules.sys.dao.SysMenuDao.selectList [BaseJdbcLogger.java : 159] ==> Parameters: 
2018-09-18 14:59:31,008 [DEBUG] [http-nio-8080-exec-6] com.swt.modules.sys.dao.SysMenuDao.selectList [BaseJdbcLogger.java : 159] <==      Total: 39
2018-09-18 14:59:31,011 [DEBUG] [http-nio-8080-exec-6] com.swt.modules.sys.dao.SysMenuDao.selectList [BaseJdbcLogger.java : 159] ==>  Preparing: SELECT menu_id AS menuId,parent_id AS parentId,`name`,url,perms,`type`,icon,order_num AS orderNum FROM sys_menu 
2018-09-18 14:59:31,011 [DEBUG] [http-nio-8080-exec-6] com.swt.modules.sys.dao.SysMenuDao.selectList [BaseJdbcLogger.java : 159] ==> Parameters: 
2018-09-18 14:59:31,016 [DEBUG] [http-nio-8080-exec-6] com.swt.modules.sys.dao.SysMenuDao.selectList [BaseJdbcLogger.java : 159] <==      Total: 39
2018-09-18 14:59:31,018 [DEBUG] [http-nio-8080-exec-6] com.swt.modules.sys.dao.SysMenuDao.selectList [BaseJdbcLogger.java : 159] ==>  Preparing: SELECT menu_id AS menuId,parent_id AS parentId,`name`,url,perms,`type`,icon,order_num AS orderNum FROM sys_menu 
2018-09-18 14:59:31,018 [DEBUG] [http-nio-8080-exec-6] com.swt.modules.sys.dao.SysMenuDao.selectList [BaseJdbcLogger.java : 159] ==> Parameters: 
2018-09-18 14:59:31,022 [DEBUG] [http-nio-8080-exec-6] com.swt.modules.sys.dao.SysMenuDao.selectList [BaseJdbcLogger.java : 159] <==      Total: 39
2018-09-18 14:59:31,332 [DEBUG] [http-nio-8080-exec-21] com.swt.modules.sys.dao.SysMenuDao.selectList [BaseJdbcLogger.java : 159] ==>  Preparing: SELECT menu_id AS menuId,parent_id AS parentId,`name`,url,perms,`type`,icon,order_num AS orderNum FROM sys_menu 
2018-09-18 14:59:31,333 [DEBUG] [http-nio-8080-exec-21] com.swt.modules.sys.dao.SysMenuDao.selectList [BaseJdbcLogger.java : 159] ==> Parameters: 
2018-09-18 14:59:31,338 [DEBUG] [http-nio-8080-exec-21] com.swt.modules.sys.dao.SysMenuDao.selectList [BaseJdbcLogger.java : 159] <==      Total: 39
2018-09-18 14:59:31,347 [DEBUG] [http-nio-8080-exec-21] com.swt.modules.sys.dao.SysMenuDao.selectList [BaseJdbcLogger.java : 159] ==>  Preparing: SELECT menu_id AS menuId,parent_id AS parentId,`name`,url,perms,`type`,icon,order_num AS orderNum FROM sys_menu 
2018-09-18 14:59:31,348 [DEBUG] [http-nio-8080-exec-21] com.swt.modules.sys.dao.SysMenuDao.selectList [BaseJdbcLogger.java : 159] ==> Parameters: 
2018-09-18 14:59:31,356 [DEBUG] [http-nio-8080-exec-21] com.swt.modules.sys.dao.SysMenuDao.selectList [BaseJdbcLogger.java : 159] <==      Total: 39
2018-09-18 14:59:31,393 [DEBUG] [http-nio-8080-exec-22] com.swt.modules.sys.dao.SysMenuDao.selectList [BaseJdbcLogger.java : 159] ==>  Preparing: SELECT menu_id AS menuId,parent_id AS parentId,`name`,url,perms,`type`,icon,order_num AS orderNum FROM sys_menu 
2018-09-18 14:59:31,396 [DEBUG] [http-nio-8080-exec-22] com.swt.modules.sys.dao.SysMenuDao.selectList [BaseJdbcLogger.java : 159] ==> Parameters: 
2018-09-18 14:59:31,404 [DEBUG] [http-nio-8080-exec-22] com.swt.modules.sys.dao.SysMenuDao.selectList [BaseJdbcLogger.java : 159] <==      Total: 39
2018-09-18 14:59:31,408 [DEBUG] [http-nio-8080-exec-22] com.swt.modules.sys.dao.SysMenuDao.selectList [BaseJdbcLogger.java : 159] ==>  Preparing: SELECT menu_id AS menuId,parent_id AS parentId,`name`,url,perms,`type`,icon,order_num AS orderNum FROM sys_menu 
2018-09-18 14:59:31,411 [DEBUG] [http-nio-8080-exec-22] com.swt.modules.sys.dao.SysMenuDao.selectList [BaseJdbcLogger.java : 159] ==> Parameters: 
2018-09-18 14:59:31,416 [DEBUG] [http-nio-8080-exec-22] com.swt.modules.sys.dao.SysMenuDao.selectList [BaseJdbcLogger.java : 159] <==      Total: 39
2018-09-18 14:59:31,447 [DEBUG] [http-nio-8080-exec-22] com.swt.modules.sys.dao.SysDeptDao.selectList [BaseJdbcLogger.java : 159] ==>  Preparing: SELECT dept_id AS deptId,parent_id AS parentId,`name`,order_num AS orderNum,del_flag AS delFlag FROM sys_dept WHERE del_flag=0 
2018-09-18 14:59:31,447 [DEBUG] [http-nio-8080-exec-22] com.swt.modules.sys.dao.SysDeptDao.selectList [BaseJdbcLogger.java : 159] ==> Parameters: 
2018-09-18 14:59:31,449 [DEBUG] [http-nio-8080-exec-22] com.swt.modules.sys.dao.SysDeptDao.selectList [BaseJdbcLogger.java : 159] <==      Total: 5
2018-09-18 14:59:31,450 [DEBUG] [http-nio-8080-exec-22] com.swt.modules.sys.dao.SysDeptDao.selectById [BaseJdbcLogger.java : 159] ==>  Preparing: SELECT dept_id AS deptId,parent_id AS parentId,`name`,order_num AS orderNum,del_flag AS delFlag FROM sys_dept WHERE dept_id=? AND del_flag=0 
2018-09-18 14:59:31,451 [DEBUG] [http-nio-8080-exec-22] com.swt.modules.sys.dao.SysDeptDao.selectById [BaseJdbcLogger.java : 159] ==> Parameters: 0(Long)
2018-09-18 14:59:31,452 [DEBUG] [http-nio-8080-exec-22] com.swt.modules.sys.dao.SysDeptDao.selectById [BaseJdbcLogger.java : 159] <==      Total: 0
2018-09-18 14:59:31,453 [DEBUG] [http-nio-8080-exec-22] com.swt.modules.sys.dao.SysDeptDao.selectById [BaseJdbcLogger.java : 159] ==>  Preparing: SELECT dept_id AS deptId,parent_id AS parentId,`name`,order_num AS orderNum,del_flag AS delFlag FROM sys_dept WHERE dept_id=? AND del_flag=0 
2018-09-18 14:59:31,454 [DEBUG] [http-nio-8080-exec-22] com.swt.modules.sys.dao.SysDeptDao.selectById [BaseJdbcLogger.java : 159] ==> Parameters: 1(Long)
2018-09-18 14:59:31,456 [DEBUG] [http-nio-8080-exec-22] com.swt.modules.sys.dao.SysDeptDao.selectById [BaseJdbcLogger.java : 159] <==      Total: 1
2018-09-18 14:59:31,457 [DEBUG] [http-nio-8080-exec-22] com.swt.modules.sys.dao.SysDeptDao.selectById [BaseJdbcLogger.java : 159] ==>  Preparing: SELECT dept_id AS deptId,parent_id AS parentId,`name`,order_num AS orderNum,del_flag AS delFlag FROM sys_dept WHERE dept_id=? AND del_flag=0 
2018-09-18 14:59:31,457 [DEBUG] [http-nio-8080-exec-22] com.swt.modules.sys.dao.SysDeptDao.selectById [BaseJdbcLogger.java : 159] ==> Parameters: 1(Long)
2018-09-18 14:59:31,459 [DEBUG] [http-nio-8080-exec-22] com.swt.modules.sys.dao.SysDeptDao.selectById [BaseJdbcLogger.java : 159] <==      Total: 1
2018-09-18 14:59:31,460 [DEBUG] [http-nio-8080-exec-22] com.swt.modules.sys.dao.SysDeptDao.selectById [BaseJdbcLogger.java : 159] ==>  Preparing: SELECT dept_id AS deptId,parent_id AS parentId,`name`,order_num AS orderNum,del_flag AS delFlag FROM sys_dept WHERE dept_id=? AND del_flag=0 
2018-09-18 14:59:31,461 [DEBUG] [http-nio-8080-exec-22] com.swt.modules.sys.dao.SysDeptDao.selectById [BaseJdbcLogger.java : 159] ==> Parameters: 3(Long)
2018-09-18 14:59:31,463 [DEBUG] [http-nio-8080-exec-22] com.swt.modules.sys.dao.SysDeptDao.selectById [BaseJdbcLogger.java : 159] <==      Total: 1
2018-09-18 14:59:31,465 [DEBUG] [http-nio-8080-exec-22] com.swt.modules.sys.dao.SysDeptDao.selectById [BaseJdbcLogger.java : 159] ==>  Preparing: SELECT dept_id AS deptId,parent_id AS parentId,`name`,order_num AS orderNum,del_flag AS delFlag FROM sys_dept WHERE dept_id=? AND del_flag=0 
2018-09-18 14:59:31,466 [DEBUG] [http-nio-8080-exec-22] com.swt.modules.sys.dao.SysDeptDao.selectById [BaseJdbcLogger.java : 159] ==> Parameters: 3(Long)
2018-09-18 14:59:31,468 [DEBUG] [http-nio-8080-exec-22] com.swt.modules.sys.dao.SysDeptDao.selectById [BaseJdbcLogger.java : 159] <==      Total: 1
2018-09-18 14:59:32,294 [DEBUG] [http-nio-8080-exec-23] com.swt.modules.sys.dao.SysMenuDao.selectList [BaseJdbcLogger.java : 159] ==>  Preparing: SELECT menu_id AS menuId,parent_id AS parentId,`name`,url,perms,`type`,icon,order_num AS orderNum FROM sys_menu 
2018-09-18 14:59:32,295 [DEBUG] [http-nio-8080-exec-23] com.swt.modules.sys.dao.SysMenuDao.selectList [BaseJdbcLogger.java : 159] ==> Parameters: 
2018-09-18 14:59:32,298 [DEBUG] [http-nio-8080-exec-23] com.swt.modules.sys.dao.SysMenuDao.selectList [BaseJdbcLogger.java : 159] <==      Total: 39
2018-09-18 14:59:32,299 [DEBUG] [http-nio-8080-exec-23] com.swt.modules.sys.dao.SysMenuDao.selectList [BaseJdbcLogger.java : 159] ==>  Preparing: SELECT menu_id AS menuId,parent_id AS parentId,`name`,url,perms,`type`,icon,order_num AS orderNum FROM sys_menu 
2018-09-18 14:59:32,300 [DEBUG] [http-nio-8080-exec-23] com.swt.modules.sys.dao.SysMenuDao.selectList [BaseJdbcLogger.java : 159] ==> Parameters: 
2018-09-18 14:59:32,302 [DEBUG] [http-nio-8080-exec-23] com.swt.modules.sys.dao.SysMenuDao.selectList [BaseJdbcLogger.java : 159] <==      Total: 39
2018-09-18 14:59:32,303 [DEBUG] [http-nio-8080-exec-23] com.swt.modules.sys.dao.SysMenuDao.selectList [BaseJdbcLogger.java : 159] ==>  Preparing: SELECT menu_id AS menuId,parent_id AS parentId,`name`,url,perms,`type`,icon,order_num AS orderNum FROM sys_menu 
2018-09-18 14:59:32,304 [DEBUG] [http-nio-8080-exec-23] com.swt.modules.sys.dao.SysMenuDao.selectList [BaseJdbcLogger.java : 159] ==> Parameters: 
2018-09-18 14:59:32,306 [DEBUG] [http-nio-8080-exec-23] com.swt.modules.sys.dao.SysMenuDao.selectList [BaseJdbcLogger.java : 159] <==      Total: 39
2018-09-18 14:59:32,609 [DEBUG] [http-nio-8080-exec-1] com.swt.modules.sys.dao.SysMenuDao.selectList [BaseJdbcLogger.java : 159] ==>  Preparing: SELECT menu_id AS menuId,parent_id AS parentId,`name`,url,perms,`type`,icon,order_num AS orderNum FROM sys_menu 
2018-09-18 14:59:32,609 [DEBUG] [http-nio-8080-exec-1] com.swt.modules.sys.dao.SysMenuDao.selectList [BaseJdbcLogger.java : 159] ==> Parameters: 
2018-09-18 14:59:32,621 [DEBUG] [http-nio-8080-exec-1] com.swt.modules.sys.dao.SysMenuDao.selectList [BaseJdbcLogger.java : 159] <==      Total: 39
2018-09-18 14:59:32,628 [DEBUG] [http-nio-8080-exec-1] com.swt.modules.sys.dao.SysMenuDao.selectList [BaseJdbcLogger.java : 159] ==>  Preparing: SELECT menu_id AS menuId,parent_id AS parentId,`name`,url,perms,`type`,icon,order_num AS orderNum FROM sys_menu 
2018-09-18 14:59:32,629 [DEBUG] [http-nio-8080-exec-1] com.swt.modules.sys.dao.SysMenuDao.selectList [BaseJdbcLogger.java : 159] ==> Parameters: 
2018-09-18 14:59:32,633 [DEBUG] [http-nio-8080-exec-1] com.swt.modules.sys.dao.SysMenuDao.selectList [BaseJdbcLogger.java : 159] <==      Total: 39
2018-09-18 14:59:32,828 [DEBUG] [http-nio-8080-exec-1] com.swt.modules.sys.dao.SysRoleDao.selectPage [BaseJdbcLogger.java : 159] ==>  Preparing: SELECT COUNT(1) FROM sys_role 
2018-09-18 14:59:32,830 [DEBUG] [http-nio-8080-exec-1] com.swt.modules.sys.dao.SysRoleDao.selectPage [BaseJdbcLogger.java : 159] ==> Parameters: 
2018-09-18 14:59:32,832 [DEBUG] [http-nio-8080-exec-1] com.swt.modules.sys.dao.SysRoleDao.selectPage [BaseJdbcLogger.java : 159] ==>  Preparing: SELECT role_id AS roleId,role_name AS roleName,remark,dept_id AS deptId,create_time AS createTime FROM sys_role 
2018-09-18 14:59:32,833 [DEBUG] [http-nio-8080-exec-1] com.swt.modules.sys.dao.SysRoleDao.selectPage [BaseJdbcLogger.java : 159] ==> Parameters: 
2018-09-18 14:59:32,835 [DEBUG] [http-nio-8080-exec-1] com.swt.modules.sys.dao.SysRoleDao.selectPage [BaseJdbcLogger.java : 159] <==      Total: 0
2018-09-18 14:59:33,098 [DEBUG] [http-nio-8080-exec-6] com.swt.modules.sys.dao.SysMenuDao.selectList [BaseJdbcLogger.java : 159] ==>  Preparing: SELECT menu_id AS menuId,parent_id AS parentId,`name`,url,perms,`type`,icon,order_num AS orderNum FROM sys_menu 
2018-09-18 14:59:33,098 [DEBUG] [http-nio-8080-exec-6] com.swt.modules.sys.dao.SysMenuDao.selectList [BaseJdbcLogger.java : 159] ==> Parameters: 
2018-09-18 14:59:33,101 [DEBUG] [http-nio-8080-exec-6] com.swt.modules.sys.dao.SysMenuDao.selectList [BaseJdbcLogger.java : 159] <==      Total: 39
2018-09-18 14:59:33,102 [DEBUG] [http-nio-8080-exec-6] com.swt.modules.sys.dao.SysMenuDao.selectList [BaseJdbcLogger.java : 159] ==>  Preparing: SELECT menu_id AS menuId,parent_id AS parentId,`name`,url,perms,`type`,icon,order_num AS orderNum FROM sys_menu 
2018-09-18 14:59:33,103 [DEBUG] [http-nio-8080-exec-6] com.swt.modules.sys.dao.SysMenuDao.selectList [BaseJdbcLogger.java : 159] ==> Parameters: 
2018-09-18 14:59:33,105 [DEBUG] [http-nio-8080-exec-6] com.swt.modules.sys.dao.SysMenuDao.selectList [BaseJdbcLogger.java : 159] <==      Total: 39
2018-09-18 14:59:33,106 [DEBUG] [http-nio-8080-exec-6] com.swt.modules.sys.dao.SysMenuDao.selectList [BaseJdbcLogger.java : 159] ==>  Preparing: SELECT menu_id AS menuId,parent_id AS parentId,`name`,url,perms,`type`,icon,order_num AS orderNum FROM sys_menu 
2018-09-18 14:59:33,107 [DEBUG] [http-nio-8080-exec-6] com.swt.modules.sys.dao.SysMenuDao.selectList [BaseJdbcLogger.java : 159] ==> Parameters: 
2018-09-18 14:59:33,109 [DEBUG] [http-nio-8080-exec-6] com.swt.modules.sys.dao.SysMenuDao.selectList [BaseJdbcLogger.java : 159] <==      Total: 39
2018-09-18 14:59:33,401 [DEBUG] [http-nio-8080-exec-5] com.swt.modules.sys.dao.SysMenuDao.selectList [BaseJdbcLogger.java : 159] ==>  Preparing: SELECT menu_id AS menuId,parent_id AS parentId,`name`,url,perms,`type`,icon,order_num AS orderNum FROM sys_menu 
2018-09-18 14:59:33,402 [DEBUG] [http-nio-8080-exec-5] com.swt.modules.sys.dao.SysMenuDao.selectList [BaseJdbcLogger.java : 159] ==> Parameters: 
2018-09-18 14:59:33,404 [DEBUG] [http-nio-8080-exec-5] com.swt.modules.sys.dao.SysMenuDao.selectList [BaseJdbcLogger.java : 159] <==      Total: 39
2018-09-18 14:59:33,406 [DEBUG] [http-nio-8080-exec-5] com.swt.modules.sys.dao.SysMenuDao.selectList [BaseJdbcLogger.java : 159] ==>  Preparing: SELECT menu_id AS menuId,parent_id AS parentId,`name`,url,perms,`type`,icon,order_num AS orderNum FROM sys_menu 
2018-09-18 14:59:33,406 [DEBUG] [http-nio-8080-exec-5] com.swt.modules.sys.dao.SysMenuDao.selectList [BaseJdbcLogger.java : 159] ==> Parameters: 
2018-09-18 14:59:33,409 [DEBUG] [http-nio-8080-exec-5] com.swt.modules.sys.dao.SysMenuDao.selectList [BaseJdbcLogger.java : 159] <==      Total: 39
2018-09-18 14:59:33,415 [DEBUG] [http-nio-8080-exec-5] com.swt.modules.sys.dao.SysMenuDao.selectList [BaseJdbcLogger.java : 159] ==>  Preparing: SELECT menu_id AS menuId,parent_id AS parentId,`name`,url,perms,`type`,icon,order_num AS orderNum FROM sys_menu 
2018-09-18 14:59:33,416 [DEBUG] [http-nio-8080-exec-5] com.swt.modules.sys.dao.SysMenuDao.selectList [BaseJdbcLogger.java : 159] ==> Parameters: 
2018-09-18 14:59:33,419 [DEBUG] [http-nio-8080-exec-5] com.swt.modules.sys.dao.SysMenuDao.selectList [BaseJdbcLogger.java : 159] <==      Total: 39
2018-09-18 14:59:33,423 [DEBUG] [http-nio-8080-exec-5] com.swt.modules.sys.dao.SysMenuDao.selectById [BaseJdbcLogger.java : 159] ==>  Preparing: SELECT menu_id AS menuId,parent_id AS parentId,`name`,url,perms,`type`,icon,order_num AS orderNum FROM sys_menu WHERE menu_id=? 
2018-09-18 14:59:33,424 [DEBUG] [http-nio-8080-exec-5] com.swt.modules.sys.dao.SysMenuDao.selectById [BaseJdbcLogger.java : 159] ==> Parameters: 0(Long)
2018-09-18 14:59:33,427 [DEBUG] [http-nio-8080-exec-5] com.swt.modules.sys.dao.SysMenuDao.selectById [BaseJdbcLogger.java : 159] <==      Total: 0
2018-09-18 14:59:33,428 [DEBUG] [http-nio-8080-exec-5] com.swt.modules.sys.dao.SysMenuDao.selectById [BaseJdbcLogger.java : 159] ==>  Preparing: SELECT menu_id AS menuId,parent_id AS parentId,`name`,url,perms,`type`,icon,order_num AS orderNum FROM sys_menu WHERE menu_id=? 
2018-09-18 14:59:33,429 [DEBUG] [http-nio-8080-exec-5] com.swt.modules.sys.dao.SysMenuDao.selectById [BaseJdbcLogger.java : 159] ==> Parameters: 1(Long)
2018-09-18 14:59:33,431 [DEBUG] [http-nio-8080-exec-5] com.swt.modules.sys.dao.SysMenuDao.selectById [BaseJdbcLogger.java : 159] <==      Total: 1
2018-09-18 14:59:33,433 [DEBUG] [http-nio-8080-exec-5] com.swt.modules.sys.dao.SysMenuDao.selectById [BaseJdbcLogger.java : 159] ==>  Preparing: SELECT menu_id AS menuId,parent_id AS parentId,`name`,url,perms,`type`,icon,order_num AS orderNum FROM sys_menu WHERE menu_id=? 
2018-09-18 14:59:33,434 [DEBUG] [http-nio-8080-exec-5] com.swt.modules.sys.dao.SysMenuDao.selectById [BaseJdbcLogger.java : 159] ==> Parameters: 1(Long)
2018-09-18 14:59:33,439 [DEBUG] [http-nio-8080-exec-5] com.swt.modules.sys.dao.SysMenuDao.selectById [BaseJdbcLogger.java : 159] <==      Total: 1
2018-09-18 14:59:33,440 [DEBUG] [http-nio-8080-exec-5] com.swt.modules.sys.dao.SysMenuDao.selectById [BaseJdbcLogger.java : 159] ==>  Preparing: SELECT menu_id AS menuId,parent_id AS parentId,`name`,url,perms,`type`,icon,order_num AS orderNum FROM sys_menu WHERE menu_id=? 
2018-09-18 14:59:33,440 [DEBUG] [http-nio-8080-exec-5] com.swt.modules.sys.dao.SysMenuDao.selectById [BaseJdbcLogger.java : 159] ==> Parameters: 1(Long)
2018-09-18 14:59:33,443 [DEBUG] [http-nio-8080-exec-5] com.swt.modules.sys.dao.SysMenuDao.selectById [BaseJdbcLogger.java : 159] <==      Total: 1
2018-09-18 14:59:33,444 [DEBUG] [http-nio-8080-exec-5] com.swt.modules.sys.dao.SysMenuDao.selectById [BaseJdbcLogger.java : 159] ==>  Preparing: SELECT menu_id AS menuId,parent_id AS parentId,`name`,url,perms,`type`,icon,order_num AS orderNum FROM sys_menu WHERE menu_id=? 
2018-09-18 14:59:33,445 [DEBUG] [http-nio-8080-exec-5] com.swt.modules.sys.dao.SysMenuDao.selectById [BaseJdbcLogger.java : 159] ==> Parameters: 1(Long)
2018-09-18 14:59:33,448 [DEBUG] [http-nio-8080-exec-5] com.swt.modules.sys.dao.SysMenuDao.selectById [BaseJdbcLogger.java : 159] <==      Total: 1
2018-09-18 14:59:33,449 [DEBUG] [http-nio-8080-exec-5] com.swt.modules.sys.dao.SysMenuDao.selectById [BaseJdbcLogger.java : 159] ==>  Preparing: SELECT menu_id AS menuId,parent_id AS parentId,`name`,url,perms,`type`,icon,order_num AS orderNum FROM sys_menu WHERE menu_id=? 
2018-09-18 14:59:33,450 [DEBUG] [http-nio-8080-exec-5] com.swt.modules.sys.dao.SysMenuDao.selectById [BaseJdbcLogger.java : 159] ==> Parameters: 1(Long)
2018-09-18 14:59:33,452 [DEBUG] [http-nio-8080-exec-5] com.swt.modules.sys.dao.SysMenuDao.selectById [BaseJdbcLogger.java : 159] <==      Total: 1
2018-09-18 14:59:33,453 [DEBUG] [http-nio-8080-exec-5] com.swt.modules.sys.dao.SysMenuDao.selectById [BaseJdbcLogger.java : 159] ==>  Preparing: SELECT menu_id AS menuId,parent_id AS parentId,`name`,url,perms,`type`,icon,order_num AS orderNum FROM sys_menu WHERE menu_id=? 
2018-09-18 14:59:33,453 [DEBUG] [http-nio-8080-exec-5] com.swt.modules.sys.dao.SysMenuDao.selectById [BaseJdbcLogger.java : 159] ==> Parameters: 6(Long)
2018-09-18 14:59:33,455 [DEBUG] [http-nio-8080-exec-5] com.swt.modules.sys.dao.SysMenuDao.selectById [BaseJdbcLogger.java : 159] <==      Total: 1
2018-09-18 14:59:33,456 [DEBUG] [http-nio-8080-exec-5] com.swt.modules.sys.dao.SysMenuDao.selectById [BaseJdbcLogger.java : 159] ==>  Preparing: SELECT menu_id AS menuId,parent_id AS parentId,`name`,url,perms,`type`,icon,order_num AS orderNum FROM sys_menu WHERE menu_id=? 
2018-09-18 14:59:33,456 [DEBUG] [http-nio-8080-exec-5] com.swt.modules.sys.dao.SysMenuDao.selectById [BaseJdbcLogger.java : 159] ==> Parameters: 6(Long)
2018-09-18 14:59:33,457 [DEBUG] [http-nio-8080-exec-5] com.swt.modules.sys.dao.SysMenuDao.selectById [BaseJdbcLogger.java : 159] <==      Total: 1
2018-09-18 14:59:33,460 [DEBUG] [http-nio-8080-exec-5] com.swt.modules.sys.dao.SysMenuDao.selectById [BaseJdbcLogger.java : 159] ==>  Preparing: SELECT menu_id AS menuId,parent_id AS parentId,`name`,url,perms,`type`,icon,order_num AS orderNum FROM sys_menu WHERE menu_id=? 
2018-09-18 14:59:33,461 [DEBUG] [http-nio-8080-exec-5] com.swt.modules.sys.dao.SysMenuDao.selectById [BaseJdbcLogger.java : 159] ==> Parameters: 6(Long)
2018-09-18 14:59:33,462 [DEBUG] [http-nio-8080-exec-5] com.swt.modules.sys.dao.SysMenuDao.selectById [BaseJdbcLogger.java : 159] <==      Total: 1
2018-09-18 14:59:33,463 [DEBUG] [http-nio-8080-exec-5] com.swt.modules.sys.dao.SysMenuDao.selectById [BaseJdbcLogger.java : 159] ==>  Preparing: SELECT menu_id AS menuId,parent_id AS parentId,`name`,url,perms,`type`,icon,order_num AS orderNum FROM sys_menu WHERE menu_id=? 
2018-09-18 14:59:33,464 [DEBUG] [http-nio-8080-exec-5] com.swt.modules.sys.dao.SysMenuDao.selectById [BaseJdbcLogger.java : 159] ==> Parameters: 6(Long)
2018-09-18 14:59:33,465 [DEBUG] [http-nio-8080-exec-5] com.swt.modules.sys.dao.SysMenuDao.selectById [BaseJdbcLogger.java : 159] <==      Total: 1
2018-09-18 14:59:33,466 [DEBUG] [http-nio-8080-exec-5] com.swt.modules.sys.dao.SysMenuDao.selectById [BaseJdbcLogger.java : 159] ==>  Preparing: SELECT menu_id AS menuId,parent_id AS parentId,`name`,url,perms,`type`,icon,order_num AS orderNum FROM sys_menu WHERE menu_id=? 
2018-09-18 14:59:33,466 [DEBUG] [http-nio-8080-exec-5] com.swt.modules.sys.dao.SysMenuDao.selectById [BaseJdbcLogger.java : 159] ==> Parameters: 6(Long)
2018-09-18 14:59:33,467 [DEBUG] [http-nio-8080-exec-5] com.swt.modules.sys.dao.SysMenuDao.selectById [BaseJdbcLogger.java : 159] <==      Total: 1
2018-09-18 14:59:33,468 [DEBUG] [http-nio-8080-exec-5] com.swt.modules.sys.dao.SysMenuDao.selectById [BaseJdbcLogger.java : 159] ==>  Preparing: SELECT menu_id AS menuId,parent_id AS parentId,`name`,url,perms,`type`,icon,order_num AS orderNum FROM sys_menu WHERE menu_id=? 
2018-09-18 14:59:33,469 [DEBUG] [http-nio-8080-exec-5] com.swt.modules.sys.dao.SysMenuDao.selectById [BaseJdbcLogger.java : 159] ==> Parameters: 6(Long)
2018-09-18 14:59:33,470 [DEBUG] [http-nio-8080-exec-5] com.swt.modules.sys.dao.SysMenuDao.selectById [BaseJdbcLogger.java : 159] <==      Total: 1
2018-09-18 14:59:33,471 [DEBUG] [http-nio-8080-exec-5] com.swt.modules.sys.dao.SysMenuDao.selectById [BaseJdbcLogger.java : 159] ==>  Preparing: SELECT menu_id AS menuId,parent_id AS parentId,`name`,url,perms,`type`,icon,order_num AS orderNum FROM sys_menu WHERE menu_id=? 
2018-09-18 14:59:33,471 [DEBUG] [http-nio-8080-exec-5] com.swt.modules.sys.dao.SysMenuDao.selectById [BaseJdbcLogger.java : 159] ==> Parameters: 6(Long)
2018-09-18 14:59:33,473 [DEBUG] [http-nio-8080-exec-5] com.swt.modules.sys.dao.SysMenuDao.selectById [BaseJdbcLogger.java : 159] <==      Total: 1
2018-09-18 14:59:33,473 [DEBUG] [http-nio-8080-exec-5] com.swt.modules.sys.dao.SysMenuDao.selectById [BaseJdbcLogger.java : 159] ==>  Preparing: SELECT menu_id AS menuId,parent_id AS parentId,`name`,url,perms,`type`,icon,order_num AS orderNum FROM sys_menu WHERE menu_id=? 
2018-09-18 14:59:33,474 [DEBUG] [http-nio-8080-exec-5] com.swt.modules.sys.dao.SysMenuDao.selectById [BaseJdbcLogger.java : 159] ==> Parameters: 6(Long)
2018-09-18 14:59:33,475 [DEBUG] [http-nio-8080-exec-5] com.swt.modules.sys.dao.SysMenuDao.selectById [BaseJdbcLogger.java : 159] <==      Total: 1
2018-09-18 14:59:33,476 [DEBUG] [http-nio-8080-exec-5] com.swt.modules.sys.dao.SysMenuDao.selectById [BaseJdbcLogger.java : 159] ==>  Preparing: SELECT menu_id AS menuId,parent_id AS parentId,`name`,url,perms,`type`,icon,order_num AS orderNum FROM sys_menu WHERE menu_id=? 
2018-09-18 14:59:33,476 [DEBUG] [http-nio-8080-exec-5] com.swt.modules.sys.dao.SysMenuDao.selectById [BaseJdbcLogger.java : 159] ==> Parameters: 2(Long)
2018-09-18 14:59:33,478 [DEBUG] [http-nio-8080-exec-5] com.swt.modules.sys.dao.SysMenuDao.selectById [BaseJdbcLogger.java : 159] <==      Total: 1
2018-09-18 14:59:33,478 [DEBUG] [http-nio-8080-exec-5] com.swt.modules.sys.dao.SysMenuDao.selectById [BaseJdbcLogger.java : 159] ==>  Preparing: SELECT menu_id AS menuId,parent_id AS parentId,`name`,url,perms,`type`,icon,order_num AS orderNum FROM sys_menu WHERE menu_id=? 
2018-09-18 14:59:33,479 [DEBUG] [http-nio-8080-exec-5] com.swt.modules.sys.dao.SysMenuDao.selectById [BaseJdbcLogger.java : 159] ==> Parameters: 2(Long)
2018-09-18 14:59:33,480 [DEBUG] [http-nio-8080-exec-5] com.swt.modules.sys.dao.SysMenuDao.selectById [BaseJdbcLogger.java : 159] <==      Total: 1
2018-09-18 14:59:33,480 [DEBUG] [http-nio-8080-exec-5] com.swt.modules.sys.dao.SysMenuDao.selectById [BaseJdbcLogger.java : 159] ==>  Preparing: SELECT menu_id AS menuId,parent_id AS parentId,`name`,url,perms,`type`,icon,order_num AS orderNum FROM sys_menu WHERE menu_id=? 
2018-09-18 14:59:33,481 [DEBUG] [http-nio-8080-exec-5] com.swt.modules.sys.dao.SysMenuDao.selectById [BaseJdbcLogger.java : 159] ==> Parameters: 2(Long)
2018-09-18 14:59:33,482 [DEBUG] [http-nio-8080-exec-5] com.swt.modules.sys.dao.SysMenuDao.selectById [BaseJdbcLogger.java : 159] <==      Total: 1
2018-09-18 14:59:33,483 [DEBUG] [http-nio-8080-exec-5] com.swt.modules.sys.dao.SysMenuDao.selectById [BaseJdbcLogger.java : 159] ==>  Preparing: SELECT menu_id AS menuId,parent_id AS parentId,`name`,url,perms,`type`,icon,order_num AS orderNum FROM sys_menu WHERE menu_id=? 
2018-09-18 14:59:33,484 [DEBUG] [http-nio-8080-exec-5] com.swt.modules.sys.dao.SysMenuDao.selectById [BaseJdbcLogger.java : 159] ==> Parameters: 2(Long)
2018-09-18 14:59:33,485 [DEBUG] [http-nio-8080-exec-5] com.swt.modules.sys.dao.SysMenuDao.selectById [BaseJdbcLogger.java : 159] <==      Total: 1
2018-09-18 14:59:33,485 [DEBUG] [http-nio-8080-exec-5] com.swt.modules.sys.dao.SysMenuDao.selectById [BaseJdbcLogger.java : 159] ==>  Preparing: SELECT menu_id AS menuId,parent_id AS parentId,`name`,url,perms,`type`,icon,order_num AS orderNum FROM sys_menu WHERE menu_id=? 
2018-09-18 14:59:33,486 [DEBUG] [http-nio-8080-exec-5] com.swt.modules.sys.dao.SysMenuDao.selectById [BaseJdbcLogger.java : 159] ==> Parameters: 3(Long)
2018-09-18 14:59:33,487 [DEBUG] [http-nio-8080-exec-5] com.swt.modules.sys.dao.SysMenuDao.selectById [BaseJdbcLogger.java : 159] <==      Total: 1
2018-09-18 14:59:33,488 [DEBUG] [http-nio-8080-exec-5] com.swt.modules.sys.dao.SysMenuDao.selectById [BaseJdbcLogger.java : 159] ==>  Preparing: SELECT menu_id AS menuId,parent_id AS parentId,`name`,url,perms,`type`,icon,order_num AS orderNum FROM sys_menu WHERE menu_id=? 
2018-09-18 14:59:33,488 [DEBUG] [http-nio-8080-exec-5] com.swt.modules.sys.dao.SysMenuDao.selectById [BaseJdbcLogger.java : 159] ==> Parameters: 3(Long)
2018-09-18 14:59:33,489 [DEBUG] [http-nio-8080-exec-5] com.swt.modules.sys.dao.SysMenuDao.selectById [BaseJdbcLogger.java : 159] <==      Total: 1
2018-09-18 14:59:33,490 [DEBUG] [http-nio-8080-exec-5] com.swt.modules.sys.dao.SysMenuDao.selectById [BaseJdbcLogger.java : 159] ==>  Preparing: SELECT menu_id AS menuId,parent_id AS parentId,`name`,url,perms,`type`,icon,order_num AS orderNum FROM sys_menu WHERE menu_id=? 
2018-09-18 14:59:33,490 [DEBUG] [http-nio-8080-exec-5] com.swt.modules.sys.dao.SysMenuDao.selectById [BaseJdbcLogger.java : 159] ==> Parameters: 3(Long)
2018-09-18 14:59:33,491 [DEBUG] [http-nio-8080-exec-5] com.swt.modules.sys.dao.SysMenuDao.selectById [BaseJdbcLogger.java : 159] <==      Total: 1
2018-09-18 14:59:33,492 [DEBUG] [http-nio-8080-exec-5] com.swt.modules.sys.dao.SysMenuDao.selectById [BaseJdbcLogger.java : 159] ==>  Preparing: SELECT menu_id AS menuId,parent_id AS parentId,`name`,url,perms,`type`,icon,order_num AS orderNum FROM sys_menu WHERE menu_id=? 
2018-09-18 14:59:33,493 [DEBUG] [http-nio-8080-exec-5] com.swt.modules.sys.dao.SysMenuDao.selectById [BaseJdbcLogger.java : 159] ==> Parameters: 3(Long)
2018-09-18 14:59:33,494 [DEBUG] [http-nio-8080-exec-5] com.swt.modules.sys.dao.SysMenuDao.selectById [BaseJdbcLogger.java : 159] <==      Total: 1
2018-09-18 14:59:33,495 [DEBUG] [http-nio-8080-exec-5] com.swt.modules.sys.dao.SysMenuDao.selectById [BaseJdbcLogger.java : 159] ==>  Preparing: SELECT menu_id AS menuId,parent_id AS parentId,`name`,url,perms,`type`,icon,order_num AS orderNum FROM sys_menu WHERE menu_id=? 
2018-09-18 14:59:33,496 [DEBUG] [http-nio-8080-exec-5] com.swt.modules.sys.dao.SysMenuDao.selectById [BaseJdbcLogger.java : 159] ==> Parameters: 4(Long)
2018-09-18 14:59:33,498 [DEBUG] [http-nio-8080-exec-5] com.swt.modules.sys.dao.SysMenuDao.selectById [BaseJdbcLogger.java : 159] <==      Total: 1
2018-09-18 14:59:33,499 [DEBUG] [http-nio-8080-exec-5] com.swt.modules.sys.dao.SysMenuDao.selectById [BaseJdbcLogger.java : 159] ==>  Preparing: SELECT menu_id AS menuId,parent_id AS parentId,`name`,url,perms,`type`,icon,order_num AS orderNum FROM sys_menu WHERE menu_id=? 
2018-09-18 14:59:33,500 [DEBUG] [http-nio-8080-exec-5] com.swt.modules.sys.dao.SysMenuDao.selectById [BaseJdbcLogger.java : 159] ==> Parameters: 4(Long)
2018-09-18 14:59:33,501 [DEBUG] [http-nio-8080-exec-5] com.swt.modules.sys.dao.SysMenuDao.selectById [BaseJdbcLogger.java : 159] <==      Total: 1
2018-09-18 14:59:33,502 [DEBUG] [http-nio-8080-exec-5] com.swt.modules.sys.dao.SysMenuDao.selectById [BaseJdbcLogger.java : 159] ==>  Preparing: SELECT menu_id AS menuId,parent_id AS parentId,`name`,url,perms,`type`,icon,order_num AS orderNum FROM sys_menu WHERE menu_id=? 
2018-09-18 14:59:33,503 [DEBUG] [http-nio-8080-exec-5] com.swt.modules.sys.dao.SysMenuDao.selectById [BaseJdbcLogger.java : 159] ==> Parameters: 4(Long)
2018-09-18 14:59:33,504 [DEBUG] [http-nio-8080-exec-5] com.swt.modules.sys.dao.SysMenuDao.selectById [BaseJdbcLogger.java : 159] <==      Total: 1
2018-09-18 14:59:33,505 [DEBUG] [http-nio-8080-exec-5] com.swt.modules.sys.dao.SysMenuDao.selectById [BaseJdbcLogger.java : 159] ==>  Preparing: SELECT menu_id AS menuId,parent_id AS parentId,`name`,url,perms,`type`,icon,order_num AS orderNum FROM sys_menu WHERE menu_id=? 
2018-09-18 14:59:33,505 [DEBUG] [http-nio-8080-exec-5] com.swt.modules.sys.dao.SysMenuDao.selectById [BaseJdbcLogger.java : 159] ==> Parameters: 4(Long)
2018-09-18 14:59:33,507 [DEBUG] [http-nio-8080-exec-5] com.swt.modules.sys.dao.SysMenuDao.selectById [BaseJdbcLogger.java : 159] <==      Total: 1
2018-09-18 14:59:33,507 [DEBUG] [http-nio-8080-exec-5] com.swt.modules.sys.dao.SysMenuDao.selectById [BaseJdbcLogger.java : 159] ==>  Preparing: SELECT menu_id AS menuId,parent_id AS parentId,`name`,url,perms,`type`,icon,order_num AS orderNum FROM sys_menu WHERE menu_id=? 
2018-09-18 14:59:33,508 [DEBUG] [http-nio-8080-exec-5] com.swt.modules.sys.dao.SysMenuDao.selectById [BaseJdbcLogger.java : 159] ==> Parameters: 1(Long)
2018-09-18 14:59:33,509 [DEBUG] [http-nio-8080-exec-5] com.swt.modules.sys.dao.SysMenuDao.selectById [BaseJdbcLogger.java : 159] <==      Total: 1
2018-09-18 14:59:33,510 [DEBUG] [http-nio-8080-exec-5] com.swt.modules.sys.dao.SysMenuDao.selectById [BaseJdbcLogger.java : 159] ==>  Preparing: SELECT menu_id AS menuId,parent_id AS parentId,`name`,url,perms,`type`,icon,order_num AS orderNum FROM sys_menu WHERE menu_id=? 
2018-09-18 14:59:33,510 [DEBUG] [http-nio-8080-exec-5] com.swt.modules.sys.dao.SysMenuDao.selectById [BaseJdbcLogger.java : 159] ==> Parameters: 1(Long)
2018-09-18 14:59:33,511 [DEBUG] [http-nio-8080-exec-5] com.swt.modules.sys.dao.SysMenuDao.selectById [BaseJdbcLogger.java : 159] <==      Total: 1
2018-09-18 14:59:33,512 [DEBUG] [http-nio-8080-exec-5] com.swt.modules.sys.dao.SysMenuDao.selectById [BaseJdbcLogger.java : 159] ==>  Preparing: SELECT menu_id AS menuId,parent_id AS parentId,`name`,url,perms,`type`,icon,order_num AS orderNum FROM sys_menu WHERE menu_id=? 
2018-09-18 14:59:33,512 [DEBUG] [http-nio-8080-exec-5] com.swt.modules.sys.dao.SysMenuDao.selectById [BaseJdbcLogger.java : 159] ==> Parameters: 1(Long)
2018-09-18 14:59:33,514 [DEBUG] [http-nio-8080-exec-5] com.swt.modules.sys.dao.SysMenuDao.selectById [BaseJdbcLogger.java : 159] <==      Total: 1
2018-09-18 14:59:33,514 [DEBUG] [http-nio-8080-exec-5] com.swt.modules.sys.dao.SysMenuDao.selectById [BaseJdbcLogger.java : 159] ==>  Preparing: SELECT menu_id AS menuId,parent_id AS parentId,`name`,url,perms,`type`,icon,order_num AS orderNum FROM sys_menu WHERE menu_id=? 
2018-09-18 14:59:33,515 [DEBUG] [http-nio-8080-exec-5] com.swt.modules.sys.dao.SysMenuDao.selectById [BaseJdbcLogger.java : 159] ==> Parameters: 1(Long)
2018-09-18 14:59:33,516 [DEBUG] [http-nio-8080-exec-5] com.swt.modules.sys.dao.SysMenuDao.selectById [BaseJdbcLogger.java : 159] <==      Total: 1
2018-09-18 14:59:33,517 [DEBUG] [http-nio-8080-exec-5] com.swt.modules.sys.dao.SysMenuDao.selectById [BaseJdbcLogger.java : 159] ==>  Preparing: SELECT menu_id AS menuId,parent_id AS parentId,`name`,url,perms,`type`,icon,order_num AS orderNum FROM sys_menu WHERE menu_id=? 
2018-09-18 14:59:33,518 [DEBUG] [http-nio-8080-exec-5] com.swt.modules.sys.dao.SysMenuDao.selectById [BaseJdbcLogger.java : 159] ==> Parameters: 31(Long)
2018-09-18 14:59:33,519 [DEBUG] [http-nio-8080-exec-5] com.swt.modules.sys.dao.SysMenuDao.selectById [BaseJdbcLogger.java : 159] <==      Total: 1
2018-09-18 14:59:33,520 [DEBUG] [http-nio-8080-exec-5] com.swt.modules.sys.dao.SysMenuDao.selectById [BaseJdbcLogger.java : 159] ==>  Preparing: SELECT menu_id AS menuId,parent_id AS parentId,`name`,url,perms,`type`,icon,order_num AS orderNum FROM sys_menu WHERE menu_id=? 
2018-09-18 14:59:33,520 [DEBUG] [http-nio-8080-exec-5] com.swt.modules.sys.dao.SysMenuDao.selectById [BaseJdbcLogger.java : 159] ==> Parameters: 31(Long)
2018-09-18 14:59:33,522 [DEBUG] [http-nio-8080-exec-5] com.swt.modules.sys.dao.SysMenuDao.selectById [BaseJdbcLogger.java : 159] <==      Total: 1
2018-09-18 14:59:33,522 [DEBUG] [http-nio-8080-exec-5] com.swt.modules.sys.dao.SysMenuDao.selectById [BaseJdbcLogger.java : 159] ==>  Preparing: SELECT menu_id AS menuId,parent_id AS parentId,`name`,url,perms,`type`,icon,order_num AS orderNum FROM sys_menu WHERE menu_id=? 
2018-09-18 14:59:33,523 [DEBUG] [http-nio-8080-exec-5] com.swt.modules.sys.dao.SysMenuDao.selectById [BaseJdbcLogger.java : 159] ==> Parameters: 31(Long)
2018-09-18 14:59:33,524 [DEBUG] [http-nio-8080-exec-5] com.swt.modules.sys.dao.SysMenuDao.selectById [BaseJdbcLogger.java : 159] <==      Total: 1
2018-09-18 14:59:33,525 [DEBUG] [http-nio-8080-exec-5] com.swt.modules.sys.dao.SysMenuDao.selectById [BaseJdbcLogger.java : 159] ==>  Preparing: SELECT menu_id AS menuId,parent_id AS parentId,`name`,url,perms,`type`,icon,order_num AS orderNum FROM sys_menu WHERE menu_id=? 
2018-09-18 14:59:33,525 [DEBUG] [http-nio-8080-exec-5] com.swt.modules.sys.dao.SysMenuDao.selectById [BaseJdbcLogger.java : 159] ==> Parameters: 31(Long)
2018-09-18 14:59:33,527 [DEBUG] [http-nio-8080-exec-5] com.swt.modules.sys.dao.SysMenuDao.selectById [BaseJdbcLogger.java : 159] <==      Total: 1
2018-09-18 14:59:33,527 [DEBUG] [http-nio-8080-exec-5] com.swt.modules.sys.dao.SysMenuDao.selectById [BaseJdbcLogger.java : 159] ==>  Preparing: SELECT menu_id AS menuId,parent_id AS parentId,`name`,url,perms,`type`,icon,order_num AS orderNum FROM sys_menu WHERE menu_id=? 
2018-09-18 14:59:33,528 [DEBUG] [http-nio-8080-exec-5] com.swt.modules.sys.dao.SysMenuDao.selectById [BaseJdbcLogger.java : 159] ==> Parameters: 1(Long)
2018-09-18 14:59:33,529 [DEBUG] [http-nio-8080-exec-5] com.swt.modules.sys.dao.SysMenuDao.selectById [BaseJdbcLogger.java : 159] <==      Total: 1
2018-09-18 14:59:33,530 [DEBUG] [http-nio-8080-exec-5] com.swt.modules.sys.dao.SysMenuDao.selectById [BaseJdbcLogger.java : 159] ==>  Preparing: SELECT menu_id AS menuId,parent_id AS parentId,`name`,url,perms,`type`,icon,order_num AS orderNum FROM sys_menu WHERE menu_id=? 
2018-09-18 14:59:33,531 [DEBUG] [http-nio-8080-exec-5] com.swt.modules.sys.dao.SysMenuDao.selectById [BaseJdbcLogger.java : 159] ==> Parameters: 36(Long)
2018-09-18 14:59:33,532 [DEBUG] [http-nio-8080-exec-5] com.swt.modules.sys.dao.SysMenuDao.selectById [BaseJdbcLogger.java : 159] <==      Total: 1
2018-09-18 14:59:33,533 [DEBUG] [http-nio-8080-exec-5] com.swt.modules.sys.dao.SysMenuDao.selectById [BaseJdbcLogger.java : 159] ==>  Preparing: SELECT menu_id AS menuId,parent_id AS parentId,`name`,url,perms,`type`,icon,order_num AS orderNum FROM sys_menu WHERE menu_id=? 
2018-09-18 14:59:33,533 [DEBUG] [http-nio-8080-exec-5] com.swt.modules.sys.dao.SysMenuDao.selectById [BaseJdbcLogger.java : 159] ==> Parameters: 36(Long)
2018-09-18 14:59:33,534 [DEBUG] [http-nio-8080-exec-5] com.swt.modules.sys.dao.SysMenuDao.selectById [BaseJdbcLogger.java : 159] <==      Total: 1
2018-09-18 14:59:33,535 [DEBUG] [http-nio-8080-exec-5] com.swt.modules.sys.dao.SysMenuDao.selectById [BaseJdbcLogger.java : 159] ==>  Preparing: SELECT menu_id AS menuId,parent_id AS parentId,`name`,url,perms,`type`,icon,order_num AS orderNum FROM sys_menu WHERE menu_id=? 
2018-09-18 14:59:33,535 [DEBUG] [http-nio-8080-exec-5] com.swt.modules.sys.dao.SysMenuDao.selectById [BaseJdbcLogger.java : 159] ==> Parameters: 36(Long)
2018-09-18 14:59:33,537 [DEBUG] [http-nio-8080-exec-5] com.swt.modules.sys.dao.SysMenuDao.selectById [BaseJdbcLogger.java : 159] <==      Total: 1
2018-09-18 14:59:33,537 [DEBUG] [http-nio-8080-exec-5] com.swt.modules.sys.dao.SysMenuDao.selectById [BaseJdbcLogger.java : 159] ==>  Preparing: SELECT menu_id AS menuId,parent_id AS parentId,`name`,url,perms,`type`,icon,order_num AS orderNum FROM sys_menu WHERE menu_id=? 
2018-09-18 14:59:33,538 [DEBUG] [http-nio-8080-exec-5] com.swt.modules.sys.dao.SysMenuDao.selectById [BaseJdbcLogger.java : 159] ==> Parameters: 36(Long)
2018-09-18 14:59:33,539 [DEBUG] [http-nio-8080-exec-5] com.swt.modules.sys.dao.SysMenuDao.selectById [BaseJdbcLogger.java : 159] <==      Total: 1
2018-09-18 14:59:34,597 [DEBUG] [http-nio-8080-exec-4] com.swt.modules.sys.dao.SysMenuDao.selectList [BaseJdbcLogger.java : 159] ==>  Preparing: SELECT menu_id AS menuId,parent_id AS parentId,`name`,url,perms,`type`,icon,order_num AS orderNum FROM sys_menu 
2018-09-18 14:59:34,598 [DEBUG] [http-nio-8080-exec-4] com.swt.modules.sys.dao.SysMenuDao.selectList [BaseJdbcLogger.java : 159] ==> Parameters: 
2018-09-18 14:59:34,601 [DEBUG] [http-nio-8080-exec-4] com.swt.modules.sys.dao.SysMenuDao.selectList [BaseJdbcLogger.java : 159] <==      Total: 39
2018-09-18 14:59:34,602 [DEBUG] [http-nio-8080-exec-4] com.swt.modules.sys.dao.SysMenuDao.selectList [BaseJdbcLogger.java : 159] ==>  Preparing: SELECT menu_id AS menuId,parent_id AS parentId,`name`,url,perms,`type`,icon,order_num AS orderNum FROM sys_menu 
2018-09-18 14:59:34,603 [DEBUG] [http-nio-8080-exec-4] com.swt.modules.sys.dao.SysMenuDao.selectList [BaseJdbcLogger.java : 159] ==> Parameters: 
2018-09-18 14:59:34,606 [DEBUG] [http-nio-8080-exec-4] com.swt.modules.sys.dao.SysMenuDao.selectList [BaseJdbcLogger.java : 159] <==      Total: 39
2018-09-18 14:59:34,608 [DEBUG] [http-nio-8080-exec-4] com.swt.modules.sys.dao.SysMenuDao.selectList [BaseJdbcLogger.java : 159] ==>  Preparing: SELECT menu_id AS menuId,parent_id AS parentId,`name`,url,perms,`type`,icon,order_num AS orderNum FROM sys_menu 
2018-09-18 14:59:34,608 [DEBUG] [http-nio-8080-exec-4] com.swt.modules.sys.dao.SysMenuDao.selectList [BaseJdbcLogger.java : 159] ==> Parameters: 
2018-09-18 14:59:34,612 [DEBUG] [http-nio-8080-exec-4] com.swt.modules.sys.dao.SysMenuDao.selectList [BaseJdbcLogger.java : 159] <==      Total: 39
2018-09-18 14:59:34,889 [DEBUG] [http-nio-8080-exec-10] com.swt.modules.sys.dao.SysMenuDao.selectList [BaseJdbcLogger.java : 159] ==>  Preparing: SELECT menu_id AS menuId,parent_id AS parentId,`name`,url,perms,`type`,icon,order_num AS orderNum FROM sys_menu 
2018-09-18 14:59:34,890 [DEBUG] [http-nio-8080-exec-10] com.swt.modules.sys.dao.SysMenuDao.selectList [BaseJdbcLogger.java : 159] ==> Parameters: 
2018-09-18 14:59:34,894 [DEBUG] [http-nio-8080-exec-10] com.swt.modules.sys.dao.SysMenuDao.selectList [BaseJdbcLogger.java : 159] <==      Total: 39
2018-09-18 14:59:34,896 [DEBUG] [http-nio-8080-exec-10] com.swt.modules.sys.dao.SysMenuDao.selectList [BaseJdbcLogger.java : 159] ==>  Preparing: SELECT menu_id AS menuId,parent_id AS parentId,`name`,url,perms,`type`,icon,order_num AS orderNum FROM sys_menu 
2018-09-18 14:59:34,897 [DEBUG] [http-nio-8080-exec-10] com.swt.modules.sys.dao.SysMenuDao.selectList [BaseJdbcLogger.java : 159] ==> Parameters: 
2018-09-18 14:59:34,900 [DEBUG] [http-nio-8080-exec-10] com.swt.modules.sys.dao.SysMenuDao.selectList [BaseJdbcLogger.java : 159] <==      Total: 39
2018-09-18 14:59:34,906 [DEBUG] [http-nio-8080-exec-10] com.swt.modules.sys.dao.SysRoleDao.selectPage [BaseJdbcLogger.java : 159] ==>  Preparing: SELECT COUNT(1) FROM sys_role 
2018-09-18 14:59:34,906 [DEBUG] [http-nio-8080-exec-10] com.swt.modules.sys.dao.SysRoleDao.selectPage [BaseJdbcLogger.java : 159] ==> Parameters: 
2018-09-18 14:59:34,908 [DEBUG] [http-nio-8080-exec-10] com.swt.modules.sys.dao.SysRoleDao.selectPage [BaseJdbcLogger.java : 159] ==>  Preparing: SELECT role_id AS roleId,role_name AS roleName,remark,dept_id AS deptId,create_time AS createTime FROM sys_role 
2018-09-18 14:59:34,910 [DEBUG] [http-nio-8080-exec-10] com.swt.modules.sys.dao.SysRoleDao.selectPage [BaseJdbcLogger.java : 159] ==> Parameters: 
2018-09-18 14:59:34,912 [DEBUG] [http-nio-8080-exec-10] com.swt.modules.sys.dao.SysRoleDao.selectPage [BaseJdbcLogger.java : 159] <==      Total: 0
2018-09-18 14:59:36,734 [INFO] [Quartz Scheduler [RenrenScheduler]] org.springframework.scheduling.quartz.SchedulerFactoryBean [Jdk14Logger.java : 99] Starting Quartz Scheduler now, after delay of 30 seconds
2018-09-18 14:59:36,745 [INFO] [Quartz Scheduler [RenrenScheduler]] o.springframework.scheduling.quartz.LocalDataSourceJobStore [JobStoreSupport.java : 3629] ClusterManager: detected 1 failed or restarted instances.
2018-09-18 14:59:36,746 [INFO] [Quartz Scheduler [RenrenScheduler]] o.springframework.scheduling.quartz.LocalDataSourceJobStore [JobStoreSupport.java : 3488] ClusterManager: Scanning for instance "AKQO7E5R7Z3S8M21536804402442"'s failed in-progress jobs.
2018-09-18 14:59:36,752 [INFO] [Quartz Scheduler [RenrenScheduler]] org.quartz.core.QuartzScheduler [QuartzScheduler.java : 547] Scheduler RenrenScheduler_$_AKQO7E5R7Z3S8M21537253943708 started.
2018-09-18 14:59:36,759 [INFO] [QuartzScheduler_RenrenScheduler-AKQO7E5R7Z3S8M21537253943708_MisfireHandler] o.springframework.scheduling.quartz.LocalDataSourceJobStore [JobStoreSupport.java : 973] Handling 1 trigger(s) that missed their scheduled fire-time.
2018-09-18 14:59:37,562 [DEBUG] [http-nio-8080-exec-22] com.swt.modules.sys.dao.SysMenuDao.selectList [BaseJdbcLogger.java : 159] ==>  Preparing: SELECT menu_id AS menuId,parent_id AS parentId,`name`,url,perms,`type`,icon,order_num AS orderNum FROM sys_menu 
2018-09-18 14:59:37,563 [DEBUG] [http-nio-8080-exec-22] com.swt.modules.sys.dao.SysMenuDao.selectList [BaseJdbcLogger.java : 159] ==> Parameters: 
2018-09-18 14:59:37,565 [DEBUG] [http-nio-8080-exec-22] com.swt.modules.sys.dao.SysMenuDao.selectList [BaseJdbcLogger.java : 159] <==      Total: 39
2018-09-18 14:59:37,566 [DEBUG] [http-nio-8080-exec-22] com.swt.modules.sys.dao.SysMenuDao.selectList [BaseJdbcLogger.java : 159] ==>  Preparing: SELECT menu_id AS menuId,parent_id AS parentId,`name`,url,perms,`type`,icon,order_num AS orderNum FROM sys_menu 
2018-09-18 14:59:37,567 [DEBUG] [http-nio-8080-exec-22] com.swt.modules.sys.dao.SysMenuDao.selectList [BaseJdbcLogger.java : 159] ==> Parameters: 
2018-09-18 14:59:37,569 [DEBUG] [http-nio-8080-exec-22] com.swt.modules.sys.dao.SysMenuDao.selectList [BaseJdbcLogger.java : 159] <==      Total: 39
2018-09-18 14:59:37,570 [DEBUG] [http-nio-8080-exec-22] com.swt.modules.sys.dao.SysMenuDao.selectList [BaseJdbcLogger.java : 159] ==>  Preparing: SELECT menu_id AS menuId,parent_id AS parentId,`name`,url,perms,`type`,icon,order_num AS orderNum FROM sys_menu 
2018-09-18 14:59:37,570 [DEBUG] [http-nio-8080-exec-22] com.swt.modules.sys.dao.SysMenuDao.selectList [BaseJdbcLogger.java : 159] ==> Parameters: 
2018-09-18 14:59:37,572 [DEBUG] [http-nio-8080-exec-22] com.swt.modules.sys.dao.SysMenuDao.selectList [BaseJdbcLogger.java : 159] <==      Total: 39
2018-09-18 14:59:37,573 [DEBUG] [http-nio-8080-exec-22] com.swt.modules.sys.dao.SysMenuDao.selectList [BaseJdbcLogger.java : 159] ==>  Preparing: SELECT menu_id AS menuId,parent_id AS parentId,`name`,url,perms,`type`,icon,order_num AS orderNum FROM sys_menu 
2018-09-18 14:59:37,573 [DEBUG] [http-nio-8080-exec-22] com.swt.modules.sys.dao.SysMenuDao.selectList [BaseJdbcLogger.java : 159] ==> Parameters: 
2018-09-18 14:59:37,576 [DEBUG] [http-nio-8080-exec-22] com.swt.modules.sys.dao.SysMenuDao.selectList [BaseJdbcLogger.java : 159] <==      Total: 39
2018-09-18 14:59:37,578 [DEBUG] [http-nio-8080-exec-22] com.swt.modules.sys.dao.SysMenuDao.selectList [BaseJdbcLogger.java : 159] ==>  Preparing: SELECT menu_id AS menuId,parent_id AS parentId,`name`,url,perms,`type`,icon,order_num AS orderNum FROM sys_menu 
2018-09-18 14:59:37,579 [DEBUG] [http-nio-8080-exec-22] com.swt.modules.sys.dao.SysMenuDao.selectList [BaseJdbcLogger.java : 159] ==> Parameters: 
2018-09-18 14:59:37,580 [DEBUG] [http-nio-8080-exec-22] com.swt.modules.sys.dao.SysMenuDao.selectList [BaseJdbcLogger.java : 159] <==      Total: 39
2018-09-18 14:59:37,581 [DEBUG] [http-nio-8080-exec-22] com.swt.modules.sys.dao.SysMenuDao.selectList [BaseJdbcLogger.java : 159] ==>  Preparing: SELECT menu_id AS menuId,parent_id AS parentId,`name`,url,perms,`type`,icon,order_num AS orderNum FROM sys_menu 
2018-09-18 14:59:37,582 [DEBUG] [http-nio-8080-exec-22] com.swt.modules.sys.dao.SysMenuDao.selectList [BaseJdbcLogger.java : 159] ==> Parameters: 
2018-09-18 14:59:37,583 [DEBUG] [http-nio-8080-exec-22] com.swt.modules.sys.dao.SysMenuDao.selectList [BaseJdbcLogger.java : 159] <==      Total: 39
2018-09-18 14:59:37,584 [DEBUG] [http-nio-8080-exec-22] com.swt.modules.sys.dao.SysMenuDao.selectList [BaseJdbcLogger.java : 159] ==>  Preparing: SELECT menu_id AS menuId,parent_id AS parentId,`name`,url,perms,`type`,icon,order_num AS orderNum FROM sys_menu 
2018-09-18 14:59:37,585 [DEBUG] [http-nio-8080-exec-22] com.swt.modules.sys.dao.SysMenuDao.selectList [BaseJdbcLogger.java : 159] ==> Parameters: 
2018-09-18 14:59:37,587 [DEBUG] [http-nio-8080-exec-22] com.swt.modules.sys.dao.SysMenuDao.selectList [BaseJdbcLogger.java : 159] <==      Total: 39
2018-09-18 14:59:38,138 [DEBUG] [http-nio-8080-exec-8] com.swt.modules.sys.dao.SysMenuDao.selectList [BaseJdbcLogger.java : 159] ==>  Preparing: SELECT menu_id AS menuId,parent_id AS parentId,`name`,url,perms,`type`,icon,order_num AS orderNum FROM sys_menu 
2018-09-18 14:59:38,138 [DEBUG] [http-nio-8080-exec-8] com.swt.modules.sys.dao.SysMenuDao.selectList [BaseJdbcLogger.java : 159] ==> Parameters: 
2018-09-18 14:59:38,141 [DEBUG] [http-nio-8080-exec-8] com.swt.modules.sys.dao.SysMenuDao.selectList [BaseJdbcLogger.java : 159] <==      Total: 39
2018-09-18 14:59:38,149 [DEBUG] [http-nio-8080-exec-8] com.swt.modules.sys.dao.SysMenuDao.selectList [BaseJdbcLogger.java : 159] ==>  Preparing: SELECT menu_id AS menuId,parent_id AS parentId,`name`,url,perms,`type`,icon,order_num AS orderNum FROM sys_menu 
2018-09-18 14:59:38,150 [DEBUG] [http-nio-8080-exec-8] com.swt.modules.sys.dao.SysMenuDao.selectList [BaseJdbcLogger.java : 159] ==> Parameters: 
2018-09-18 14:59:38,152 [DEBUG] [http-nio-8080-exec-8] com.swt.modules.sys.dao.SysMenuDao.selectList [BaseJdbcLogger.java : 159] <==      Total: 39
2018-09-18 14:59:38,172 [DEBUG] [http-nio-8080-exec-8] com.swt.modules.job.dao.ScheduleJobDao.selectPage [BaseJdbcLogger.java : 159] ==>  Preparing: SELECT COUNT(1) FROM schedule_job 
2018-09-18 14:59:38,174 [DEBUG] [http-nio-8080-exec-8] com.swt.modules.job.dao.ScheduleJobDao.selectPage [BaseJdbcLogger.java : 159] ==> Parameters: 
2018-09-18 14:59:38,195 [DEBUG] [http-nio-8080-exec-8] com.swt.modules.job.dao.ScheduleJobDao.selectPage [BaseJdbcLogger.java : 159] ==>  Preparing: SELECT job_id AS jobId,bean_name AS beanName,method_name AS methodName,params,cron_expression AS cronExpression,`status`,remark,create_time AS createTime FROM schedule_job LIMIT 0,10 
2018-09-18 14:59:38,196 [DEBUG] [http-nio-8080-exec-8] com.swt.modules.job.dao.ScheduleJobDao.selectPage [BaseJdbcLogger.java : 159] ==> Parameters: 
2018-09-18 14:59:38,197 [DEBUG] [http-nio-8080-exec-8] com.swt.modules.job.dao.ScheduleJobDao.selectPage [BaseJdbcLogger.java : 159] <==      Total: 2
2018-09-18 14:59:39,272 [DEBUG] [http-nio-8080-exec-12] com.swt.modules.sys.dao.SysMenuDao.selectList [BaseJdbcLogger.java : 159] ==>  Preparing: SELECT menu_id AS menuId,parent_id AS parentId,`name`,url,perms,`type`,icon,order_num AS orderNum FROM sys_menu 
2018-09-18 14:59:39,273 [DEBUG] [http-nio-8080-exec-12] com.swt.modules.sys.dao.SysMenuDao.selectList [BaseJdbcLogger.java : 159] ==> Parameters: 
2018-09-18 14:59:39,276 [DEBUG] [http-nio-8080-exec-12] com.swt.modules.sys.dao.SysMenuDao.selectList [BaseJdbcLogger.java : 159] <==      Total: 39
2018-09-18 14:59:39,284 [DEBUG] [http-nio-8080-exec-12] com.swt.modules.sys.dao.SysMenuDao.selectList [BaseJdbcLogger.java : 159] ==>  Preparing: SELECT menu_id AS menuId,parent_id AS parentId,`name`,url,perms,`type`,icon,order_num AS orderNum FROM sys_menu 
2018-09-18 14:59:39,285 [DEBUG] [http-nio-8080-exec-12] com.swt.modules.sys.dao.SysMenuDao.selectList [BaseJdbcLogger.java : 159] ==> Parameters: 
2018-09-18 14:59:39,289 [DEBUG] [http-nio-8080-exec-12] com.swt.modules.sys.dao.SysMenuDao.selectList [BaseJdbcLogger.java : 159] <==      Total: 39
2018-09-18 14:59:39,313 [DEBUG] [http-nio-8080-exec-12] com.swt.modules.sys.dao.SysConfigDao.selectPage [BaseJdbcLogger.java : 159] ==>  Preparing: SELECT COUNT(1) FROM sys_config WHERE (status = ?) 
2018-09-18 14:59:39,314 [DEBUG] [http-nio-8080-exec-12] com.swt.modules.sys.dao.SysConfigDao.selectPage [BaseJdbcLogger.java : 159] ==> Parameters: 1(Integer)
2018-09-18 14:59:39,315 [DEBUG] [http-nio-8080-exec-12] com.swt.modules.sys.dao.SysConfigDao.selectPage [BaseJdbcLogger.java : 159] ==>  Preparing: SELECT id AS id,param_key AS paramKey,param_value AS paramValue,remark FROM sys_config WHERE (status = ?) 
2018-09-18 14:59:39,316 [DEBUG] [http-nio-8080-exec-12] com.swt.modules.sys.dao.SysConfigDao.selectPage [BaseJdbcLogger.java : 159] ==> Parameters: 1(Integer)
2018-09-18 14:59:39,317 [DEBUG] [http-nio-8080-exec-12] com.swt.modules.sys.dao.SysConfigDao.selectPage [BaseJdbcLogger.java : 159] <==      Total: 0
2018-09-18 14:59:40,302 [DEBUG] [http-nio-8080-exec-13] com.swt.modules.sys.dao.SysMenuDao.selectList [BaseJdbcLogger.java : 159] ==>  Preparing: SELECT menu_id AS menuId,parent_id AS parentId,`name`,url,perms,`type`,icon,order_num AS orderNum FROM sys_menu 
2018-09-18 14:59:40,303 [DEBUG] [http-nio-8080-exec-13] com.swt.modules.sys.dao.SysMenuDao.selectList [BaseJdbcLogger.java : 159] ==> Parameters: 
2018-09-18 14:59:40,306 [DEBUG] [http-nio-8080-exec-13] com.swt.modules.sys.dao.SysMenuDao.selectList [BaseJdbcLogger.java : 159] <==      Total: 39
2018-09-18 14:59:40,308 [DEBUG] [http-nio-8080-exec-13] com.swt.modules.sys.dao.SysMenuDao.selectList [BaseJdbcLogger.java : 159] ==>  Preparing: SELECT menu_id AS menuId,parent_id AS parentId,`name`,url,perms,`type`,icon,order_num AS orderNum FROM sys_menu 
2018-09-18 14:59:40,309 [DEBUG] [http-nio-8080-exec-13] com.swt.modules.sys.dao.SysMenuDao.selectList [BaseJdbcLogger.java : 159] ==> Parameters: 
2018-09-18 14:59:40,312 [DEBUG] [http-nio-8080-exec-13] com.swt.modules.sys.dao.SysMenuDao.selectList [BaseJdbcLogger.java : 159] <==      Total: 39
2018-09-18 14:59:40,314 [DEBUG] [http-nio-8080-exec-13] com.swt.modules.sys.dao.SysMenuDao.selectList [BaseJdbcLogger.java : 159] ==>  Preparing: SELECT menu_id AS menuId,parent_id AS parentId,`name`,url,perms,`type`,icon,order_num AS orderNum FROM sys_menu 
2018-09-18 14:59:40,315 [DEBUG] [http-nio-8080-exec-13] com.swt.modules.sys.dao.SysMenuDao.selectList [BaseJdbcLogger.java : 159] ==> Parameters: 
2018-09-18 14:59:40,318 [DEBUG] [http-nio-8080-exec-13] com.swt.modules.sys.dao.SysMenuDao.selectList [BaseJdbcLogger.java : 159] <==      Total: 39
2018-09-18 14:59:40,320 [DEBUG] [http-nio-8080-exec-13] com.swt.modules.sys.dao.SysMenuDao.selectList [BaseJdbcLogger.java : 159] ==>  Preparing: SELECT menu_id AS menuId,parent_id AS parentId,`name`,url,perms,`type`,icon,order_num AS orderNum FROM sys_menu 
2018-09-18 14:59:40,321 [DEBUG] [http-nio-8080-exec-13] com.swt.modules.sys.dao.SysMenuDao.selectList [BaseJdbcLogger.java : 159] ==> Parameters: 
2018-09-18 14:59:40,323 [DEBUG] [http-nio-8080-exec-13] com.swt.modules.sys.dao.SysMenuDao.selectList [BaseJdbcLogger.java : 159] <==      Total: 39
2018-09-18 14:59:40,326 [DEBUG] [http-nio-8080-exec-13] com.swt.modules.sys.dao.SysMenuDao.selectList [BaseJdbcLogger.java : 159] ==>  Preparing: SELECT menu_id AS menuId,parent_id AS parentId,`name`,url,perms,`type`,icon,order_num AS orderNum FROM sys_menu 
2018-09-18 14:59:40,328 [DEBUG] [http-nio-8080-exec-13] com.swt.modules.sys.dao.SysMenuDao.selectList [BaseJdbcLogger.java : 159] ==> Parameters: 
2018-09-18 14:59:40,330 [DEBUG] [http-nio-8080-exec-13] com.swt.modules.sys.dao.SysMenuDao.selectList [BaseJdbcLogger.java : 159] <==      Total: 39
2018-09-18 14:59:40,331 [DEBUG] [http-nio-8080-exec-13] com.swt.modules.sys.dao.SysMenuDao.selectList [BaseJdbcLogger.java : 159] ==>  Preparing: SELECT menu_id AS menuId,parent_id AS parentId,`name`,url,perms,`type`,icon,order_num AS orderNum FROM sys_menu 
2018-09-18 14:59:40,332 [DEBUG] [http-nio-8080-exec-13] com.swt.modules.sys.dao.SysMenuDao.selectList [BaseJdbcLogger.java : 159] ==> Parameters: 
2018-09-18 14:59:40,334 [DEBUG] [http-nio-8080-exec-13] com.swt.modules.sys.dao.SysMenuDao.selectList [BaseJdbcLogger.java : 159] <==      Total: 39
2018-09-18 14:59:40,335 [DEBUG] [http-nio-8080-exec-13] com.swt.modules.sys.dao.SysMenuDao.selectList [BaseJdbcLogger.java : 159] ==>  Preparing: SELECT menu_id AS menuId,parent_id AS parentId,`name`,url,perms,`type`,icon,order_num AS orderNum FROM sys_menu 
2018-09-18 14:59:40,335 [DEBUG] [http-nio-8080-exec-13] com.swt.modules.sys.dao.SysMenuDao.selectList [BaseJdbcLogger.java : 159] ==> Parameters: 
2018-09-18 14:59:40,338 [DEBUG] [http-nio-8080-exec-13] com.swt.modules.sys.dao.SysMenuDao.selectList [BaseJdbcLogger.java : 159] <==      Total: 39
2018-09-18 14:59:40,610 [DEBUG] [http-nio-8080-exec-14] com.swt.modules.sys.dao.SysMenuDao.selectList [BaseJdbcLogger.java : 159] ==>  Preparing: SELECT menu_id AS menuId,parent_id AS parentId,`name`,url,perms,`type`,icon,order_num AS orderNum FROM sys_menu 
2018-09-18 14:59:40,611 [DEBUG] [http-nio-8080-exec-14] com.swt.modules.sys.dao.SysMenuDao.selectList [BaseJdbcLogger.java : 159] ==> Parameters: 
2018-09-18 14:59:40,614 [DEBUG] [http-nio-8080-exec-14] com.swt.modules.sys.dao.SysMenuDao.selectList [BaseJdbcLogger.java : 159] <==      Total: 39
2018-09-18 14:59:40,615 [DEBUG] [http-nio-8080-exec-14] com.swt.modules.sys.dao.SysMenuDao.selectList [BaseJdbcLogger.java : 159] ==>  Preparing: SELECT menu_id AS menuId,parent_id AS parentId,`name`,url,perms,`type`,icon,order_num AS orderNum FROM sys_menu 
2018-09-18 14:59:40,616 [DEBUG] [http-nio-8080-exec-14] com.swt.modules.sys.dao.SysMenuDao.selectList [BaseJdbcLogger.java : 159] ==> Parameters: 
2018-09-18 14:59:40,618 [DEBUG] [http-nio-8080-exec-14] com.swt.modules.sys.dao.SysMenuDao.selectList [BaseJdbcLogger.java : 159] <==      Total: 39
2018-09-18 14:59:40,621 [DEBUG] [http-nio-8080-exec-14] com.swt.modules.job.dao.ScheduleJobDao.selectPage [BaseJdbcLogger.java : 159] ==>  Preparing: SELECT COUNT(1) FROM schedule_job 
2018-09-18 14:59:40,622 [DEBUG] [http-nio-8080-exec-14] com.swt.modules.job.dao.ScheduleJobDao.selectPage [BaseJdbcLogger.java : 159] ==> Parameters: 
2018-09-18 14:59:40,626 [DEBUG] [http-nio-8080-exec-14] com.swt.modules.job.dao.ScheduleJobDao.selectPage [BaseJdbcLogger.java : 159] ==>  Preparing: SELECT job_id AS jobId,bean_name AS beanName,method_name AS methodName,params,cron_expression AS cronExpression,`status`,remark,create_time AS createTime FROM schedule_job LIMIT 0,10 
2018-09-18 14:59:40,627 [DEBUG] [http-nio-8080-exec-14] com.swt.modules.job.dao.ScheduleJobDao.selectPage [BaseJdbcLogger.java : 159] ==> Parameters: 
2018-09-18 14:59:40,629 [DEBUG] [http-nio-8080-exec-14] com.swt.modules.job.dao.ScheduleJobDao.selectPage [BaseJdbcLogger.java : 159] <==      Total: 2
2018-09-18 15:00:00,033 [INFO] [RenrenScheduler_Worker-1] com.swt.modules.job.utils.ScheduleJob [ScheduleJob.java : 67] ID1
2018-09-18 15:00:00,034 [INFO] [pool-2-thread-1] com.swt.modules.job.task.TestTask [TestTask.java : 43] testrenren
2018-09-18 15:00:01,054 [DEBUG] [pool-2-thread-1] com.swt.modules.sys.dao.SysUserDao.selectById [BaseJdbcLogger.java : 159] ==>  Preparing: SELECT user_id AS userId,username,`password`,salt,email,mobile,`status`,create_time AS createTime,dept_id AS deptId FROM sys_user WHERE user_id=? 
2018-09-18 15:00:01,055 [DEBUG] [pool-2-thread-1] com.swt.modules.sys.dao.SysUserDao.selectById [BaseJdbcLogger.java : 159] ==> Parameters: 1(Long)
2018-09-18 15:00:01,057 [DEBUG] [pool-2-thread-1] com.swt.modules.sys.dao.SysUserDao.selectById [BaseJdbcLogger.java : 159] <==      Total: 1
2018-09-18 15:00:01,087 [INFO] [RenrenScheduler_Worker-1] com.swt.modules.job.utils.ScheduleJob [ScheduleJob.java : 80] ID1  1054
2018-09-18 15:00:01,135 [DEBUG] [RenrenScheduler_Worker-1] com.swt.modules.job.dao.ScheduleJobLogDao.insert [BaseJdbcLogger.java : 159] ==>  Preparing: INSERT INTO schedule_job_log ( job_id, bean_name, method_name, params, `status`, times, create_time ) VALUES ( ?, ?, ?, ?, ?, ?, ? ) 
2018-09-18 15:00:01,136 [DEBUG] [RenrenScheduler_Worker-1] com.swt.modules.job.dao.ScheduleJobLogDao.insert [BaseJdbcLogger.java : 159] ==> Parameters: 1(Long), testTask(String), test(String), renren(String), 0(Integer), 1054(Integer), 2018-09-18 15:00:00.033(Timestamp)
2018-09-18 15:00:01,138 [DEBUG] [RenrenScheduler_Worker-1] com.swt.modules.job.dao.ScheduleJobLogDao.insert [BaseJdbcLogger.java : 159] <==    Updates: 1
